-----------------------------------------------------------------------------------------
| epoch   0 | time: 13.66s | dev_output:{'dev_F1': 71.74961665086984, 'dev_P': 67.03862603400322, 'dev_R': 77.1739122808902} | test_output:{'test_F1': 71.70745514123917, 'test_P': 66.80161889229458, 'test_R': 77.39211934904203}
best_f1:0.7170745514123916
-----------------------------------------------------------------------------------------
| epoch   1 | time: 13.48s | dev_output:{'dev_F1': 72.98414463393532, 'dev_P': 96.73735568128295, 'dev_R': 58.59683736564391} | test_output:{'test_F1': 71.77938945976253, 'test_P': 95.48286455634167, 'test_R': 57.50468989207608}
best_f1:0.7177938945976252
-----------------------------------------------------------------------------------------
| epoch   2 | time: 14.16s | dev_output:{'dev_F1': 80.62126201173069, 'dev_P': 84.74945441449397, 'dev_R': 76.87746959607243} | test_output:{'test_F1': 80.67510949332794, 'test_P': 85.74445527196985, 'test_R': 76.17260716536016}
best_f1:0.8067510949332793
-----------------------------------------------------------------------------------------
| epoch   3 | time: 13.63s | dev_output:{'dev_F1': 82.5055236062199, 'dev_P': 80.52681015496887, 'dev_R': 84.5849794013342} | test_output:{'test_F1': 81.53938799136898, 'test_P': 80.64220109502568, 'test_R': 82.45778534279752}
best_f1:0.8153938799136898
-----------------------------------------------------------------------------------------
| epoch   4 | time: 14.14s | dev_output:{'dev_F1': 82.23090514526517, 'dev_P': 86.1471852148573, 'dev_R': 78.65612570497899} | test_output:{'test_F1': 81.8539378495106, 'test_P': 87.34042460276144, 'test_R': 77.01688483098607}
best_f1:0.818539378495106
-----------------------------------------------------------------------------------------
| epoch   5 | time: 13.25s | dev_output:{'dev_F1': 82.61776733996834, 'dev_P': 93.17617750401766, 'dev_R': 74.2094854327126} | test_output:{'test_F1': 81.20330851906516, 'test_P': 92.87439501359427, 'test_R': 72.13883609625857}
-----------------------------------------------------------------------------------------
| epoch   6 | time: 13.06s | dev_output:{'dev_F1': 81.02009456425606, 'dev_P': 74.05891919755385, 'dev_R': 89.42687658669094} | test_output:{'test_F1': 80.9518820394654, 'test_P': 76.37271151104234, 'test_R': 86.11632189384314}
-----------------------------------------------------------------------------------------
| epoch   7 | time: 13.09s | dev_output:{'dev_F1': 83.69949923798599, 'dev_P': 84.71659833282796, 'dev_R': 82.70750906415505} | test_output:{'test_F1': 83.30878283579132, 'test_P': 85.4886467375257, 'test_R': 81.23827315911564}
best_f1:0.8330878283579132
-----------------------------------------------------------------------------------------
| epoch   8 | time: 12.99s | dev_output:{'dev_F1': 83.70557242098303, 'dev_P': 90.76212366325493, 'dev_R': 77.66798342225313} | test_output:{'test_F1': 82.29811824072499, 'test_P': 90.82672603820242, 'test_R': 75.23452087022025}
-----------------------------------------------------------------------------------------
| epoch   9 | time: 12.68s | dev_output:{'dev_F1': 83.0164822510324, 'dev_P': 83.93939309152128, 'dev_R': 82.11462369451952} | test_output:{'test_F1': 82.08042443159631, 'test_P': 84.35643480835213, 'test_R': 79.92495234591978}
-----------------------------------------------------------------------------------------
| epoch  10 | time: 12.69s | dev_output:{'dev_F1': 85.13188249470772, 'dev_P': 87.81512512799239, 'dev_R': 82.60869483588247} | test_output:{'test_F1': 82.39249599369194, 'test_P': 85.55555469135804, 'test_R': 79.45590919834981}
-----------------------------------------------------------------------------------------
| epoch  11 | time: 12.73s | dev_output:{'dev_F1': 82.87518570075486, 'dev_P': 83.75378321136445, 'dev_R': 82.01580946624695} | test_output:{'test_F1': 83.40456874228703, 'test_P': 85.07316990172518, 'test_R': 81.80112493619957}
best_f1:0.8340456874228702
-----------------------------------------------------------------------------------------
| epoch  12 | time: 12.54s | dev_output:{'dev_F1': 83.99332399086724, 'dev_P': 87.64768971377347, 'dev_R': 80.63241027043074} | test_output:{'test_F1': 83.05368763919083, 'test_P': 87.44813187294469, 'test_R': 79.08067468029387}
-----------------------------------------------------------------------------------------
| epoch  13 | time: 12.65s | dev_output:{'dev_F1': 83.3589164448103, 'dev_P': 88.28729184212938, 'dev_R': 78.95256838979677} | test_output:{'test_F1': 81.56262775955169, 'test_P': 87.52688077928086, 'test_R': 76.36022442438815}
-----------------------------------------------------------------------------------------
| epoch  14 | time: 12.66s | dev_output:{'dev_F1': 80.98768766549848, 'dev_P': 88.70588130934257, 'dev_R': 74.50592811753035} | test_output:{'test_F1': 79.99950328314138, 'test_P': 87.96400350996622, 'test_R': 73.35834827994044}
-----------------------------------------------------------------------------------------
| epoch  15 | time: 12.99s | dev_output:{'dev_F1': 83.10690420890467, 'dev_P': 87.96909395177602, 'dev_R': 78.75493993325159} | test_output:{'test_F1': 82.57563704868201, 'test_P': 88.26040460767979, 'test_R': 77.57973660807002}
-----------------------------------------------------------------------------------------
| epoch  16 | time: 12.57s | dev_output:{'dev_F1': 82.19128216237289, 'dev_P': 88.03611638785422, 'dev_R': 77.0750980526176} | test_output:{'test_F1': 81.99145351179614, 'test_P': 88.39479296751853, 'test_R': 76.45403305390212}
-----------------------------------------------------------------------------------------
| epoch  17 | time: 12.83s | dev_output:{'dev_F1': 83.77347650054125, 'dev_P': 88.1134123433652, 'dev_R': 79.84189644425004} | test_output:{'test_F1': 82.38163486610674, 'test_P': 87.46048379915192, 'test_R': 77.861162496612}
-----------------------------------------------------------------------------------------
| epoch  18 | time: 12.56s | dev_output:{'dev_F1': 83.38411525243068, 'dev_P': 86.6737730631794, 'dev_R': 80.33596758561296} | test_output:{'test_F1': 82.42730239656753, 'test_P': 86.1821894965999, 'test_R': 78.98686605077987}
-----------------------------------------------------------------------------------------
| epoch  19 | time: 13.38s | dev_output:{'dev_F1': 82.33497667573155, 'dev_P': 82.45787827098238, 'dev_R': 82.21343792279212} | test_output:{'test_F1': 82.09973803871166, 'test_P': 83.57628684571151, 'test_R': 80.6754213820317}
-----------------------------------------------------------------------------------------
| epoch  20 | time: 13.59s | dev_output:{'dev_F1': 83.61119174180583, 'dev_P': 88.60619371010849, 'dev_R': 79.15019684634194} | test_output:{'test_F1': 82.31140944316695, 'test_P': 87.77895762190269, 'test_R': 77.48592797855602}
-----------------------------------------------------------------------------------------
| epoch  21 | time: 12.79s | dev_output:{'dev_F1': 83.66979583806364, 'dev_P': 88.00436109046498, 'dev_R': 79.74308221597745} | test_output:{'test_F1': 82.11936207326387, 'test_P': 86.98845658983781, 'test_R': 77.767353867098}
-----------------------------------------------------------------------------------------
| epoch  22 | time: 12.85s | dev_output:{'dev_F1': 83.800123480246, 'dev_P': 88.29321566418801, 'dev_R': 79.74308221597745} | test_output:{'test_F1': 82.23049759844888, 'test_P': 86.7708324294705, 'test_R': 78.14258838515396}
-----------------------------------------------------------------------------------------
| epoch  23 | time: 12.91s | dev_output:{'dev_F1': 83.77347650054125, 'dev_P': 88.1134123433652, 'dev_R': 79.84189644425004} | test_output:{'test_F1': 82.28859772071011, 'test_P': 86.78459847258483, 'test_R': 78.23639701466794}
-----------------------------------------------------------------------------------------
| epoch  24 | time: 12.76s | dev_output:{'dev_F1': 83.76540290905167, 'dev_P': 86.35886583044213, 'dev_R': 81.32410986833884} | test_output:{'test_F1': 82.61451183576773, 'test_P': 85.38538453067683, 'test_R': 80.01876097543376}
-----------------------------------------------------------------------------------------
| epoch  25 | time: 12.70s | dev_output:{'dev_F1': 83.79154857778478, 'dev_P': 86.52631487867038, 'dev_R': 81.22529564006625} | test_output:{'test_F1': 82.62085903497245, 'test_P': 85.6136812312507, 'test_R': 79.83114371640579}
-----------------------------------------------------------------------------------------
| epoch  26 | time: 12.99s | dev_output:{'dev_F1': 83.87705070060015, 'dev_P': 86.70885984484326, 'dev_R': 81.22529564006625} | test_output:{'test_F1': 82.66098598691431, 'test_P': 85.6998984320252, 'test_R': 79.83114371640579}
-----------------------------------------------------------------------------------------
| epoch  27 | time: 12.82s | dev_output:{'dev_F1': 83.92989896675313, 'dev_P': 87.04883134767695, 'dev_R': 81.02766718352107} | test_output:{'test_F1': 82.55310619618777, 'test_P': 85.90263604561221, 'test_R': 79.45590919834981}
-----------------------------------------------------------------------------------------
| epoch  28 | time: 12.73s | dev_output:{'dev_F1': 83.92989896675313, 'dev_P': 87.04883134767695, 'dev_R': 81.02766718352107} | test_output:{'test_F1': 82.49584322561326, 'test_P': 85.88832400113377, 'test_R': 79.36210056883584}
-----------------------------------------------------------------------------------------
| epoch  29 | time: 12.31s | dev_output:{'dev_F1': 83.91343424968738, 'dev_P': 87.1276586475781, 'dev_R': 80.92885295524849} | test_output:{'test_F1': 82.49584322561326, 'test_P': 85.88832400113377, 'test_R': 79.36210056883584}
-----------------------------------------------------------------------------------------
| epoch   0 | time: 16.10s | dev_output:{'dev_F1': 70.96724452761963, 'dev_P': 65.68544940550505, 'dev_R': 77.1739122808902} | test_output:{'test_F1': 71.2311995507656, 'test_P': 65.84394852035072, 'test_R': 77.57973660807002}
best_f1:0.7123119955076559
-----------------------------------------------------------------------------------------
| epoch   1 | time: 15.24s | dev_output:{'dev_F1': 69.44395831529133, 'dev_P': 83.79888151118881, 'dev_R': 59.288536963552005} | test_output:{'test_F1': 70.04308522108458, 'test_P': 83.5064924219936, 'test_R': 60.3189487774958}
-----------------------------------------------------------------------------------------
| epoch   2 | time: 15.40s | dev_output:{'dev_F1': 75.6418432974155, 'dev_P': 78.80085568735701, 'dev_R': 72.7272720086238} | test_output:{'test_F1': 76.0832798368344, 'test_P': 79.12867194398508, 'test_R': 73.26453965042646}
best_f1:0.7608327983683439
-----------------------------------------------------------------------------------------
| epoch   3 | time: 16.18s | dev_output:{'dev_F1': 76.44967277627114, 'dev_P': 76.71641714710033, 'dev_R': 76.18576999816433} | test_output:{'test_F1': 75.07085999983433, 'test_P': 76.15830042318244, 'test_R': 74.01500868653838}
-----------------------------------------------------------------------------------------
| epoch   4 | time: 16.54s | dev_output:{'dev_F1': 78.82013806376958, 'dev_P': 78.39687117891621, 'dev_R': 79.24901107461451} | test_output:{'test_F1': 78.08232853069502, 'test_P': 77.46999005106196, 'test_R': 78.70544016223789}
best_f1:0.7808232853069502
-----------------------------------------------------------------------------------------
| epoch   5 | time: 15.92s | dev_output:{'dev_F1': 75.7674286770101, 'dev_P': 89.27613821345659, 'dev_R': 65.81027602954272} | test_output:{'test_F1': 74.79713600324351, 'test_P': 88.05590739446116, 'test_R': 65.0093802531953}
-----------------------------------------------------------------------------------------
| epoch   6 | time: 14.84s | dev_output:{'dev_F1': 77.428209012792, 'dev_P': 75.78051016290908, 'dev_R': 79.15019684634194} | test_output:{'test_F1': 77.21468983250173, 'test_P': 74.52006915776555, 'test_R': 80.11256960494777}
-----------------------------------------------------------------------------------------
| epoch   7 | time: 14.72s | dev_output:{'dev_F1': 79.57509869457795, 'dev_P': 85.91065193687683, 'dev_R': 74.11067120444001} | test_output:{'test_F1': 77.84982819791074, 'test_P': 83.78378287801316, 'test_R': 72.70168787334251}
-----------------------------------------------------------------------------------------
| epoch   8 | time: 14.91s | dev_output:{'dev_F1': 79.2651622070564, 'dev_P': 87.38095134070296, 'dev_R': 72.52964355207862} | test_output:{'test_F1': 77.96387941137924, 'test_P': 85.20578325688784, 'test_R': 71.8574102077166}
-----------------------------------------------------------------------------------------
| epoch   9 | time: 14.57s | dev_output:{'dev_F1': 78.8242209032372, 'dev_P': 80.87318003250333, 'dev_R': 76.87746959607243} | test_output:{'test_F1': 79.01651251741266, 'test_P': 79.61904686077098, 'test_R': 78.42401427369593}
best_f1:0.7901651251741266
-----------------------------------------------------------------------------------------
| epoch  10 | time: 15.89s | dev_output:{'dev_F1': 78.97042505648221, 'dev_P': 90.97938027088428, 'dev_R': 69.76284516044619} | test_output:{'test_F1': 76.19504467944935, 'test_P': 87.86764598201414, 'test_R': 67.26078736153109}
-----------------------------------------------------------------------------------------
| epoch  11 | time: 14.55s | dev_output:{'dev_F1': 77.47789312793356, 'dev_P': 79.79057508072697, 'dev_R': 75.29644194371105} | test_output:{'test_F1': 76.71564035541837, 'test_P': 75.87155893695817, 'test_R': 77.57973660807002}
-----------------------------------------------------------------------------------------
| epoch  12 | time: 14.58s | dev_output:{'dev_F1': 79.40523757473514, 'dev_P': 82.44680763354461, 'dev_R': 76.58102691125468} | test_output:{'test_F1': 77.69254038531315, 'test_P': 78.9728674518133, 'test_R': 76.45403305390212}
-----------------------------------------------------------------------------------------
| epoch  13 | time: 14.84s | dev_output:{'dev_F1': 79.29738351776918, 'dev_P': 83.02702612943756, 'dev_R': 75.88932731334657} | test_output:{'test_F1': 78.90575007372954, 'test_P': 82.28105822524381, 'test_R': 75.7973726473042}
-----------------------------------------------------------------------------------------
| epoch  14 | time: 15.12s | dev_output:{'dev_F1': 79.64896379383623, 'dev_P': 78.50287832530827, 'dev_R': 80.8300387269759} | test_output:{'test_F1': 77.83245711309907, 'test_P': 75.0217573975478, 'test_R': 80.86303864105969}
-----------------------------------------------------------------------------------------
| epoch  15 | time: 14.96s | dev_output:{'dev_F1': 79.76706626691865, 'dev_P': 85.69806940183804, 'dev_R': 74.60474234580295} | test_output:{'test_F1': 77.52648754848661, 'test_P': 81.2757193284391, 'test_R': 74.10881731605237}
-----------------------------------------------------------------------------------------
| epoch  16 | time: 14.67s | dev_output:{'dev_F1': 79.46330975563225, 'dev_P': 86.86987002497222, 'dev_R': 73.22134314998672} | test_output:{'test_F1': 78.24723605633837, 'test_P': 84.45652082112478, 'test_R': 72.8893051323705}
-----------------------------------------------------------------------------------------
| epoch  17 | time: 15.04s | dev_output:{'dev_F1': 79.48114492609784, 'dev_P': 87.61904657596374, 'dev_R': 72.7272720086238} | test_output:{'test_F1': 79.0390211855621, 'test_P': 84.67309662729801, 'test_R': 74.10881731605237}
best_f1:0.7903902118556211
-----------------------------------------------------------------------------------------
| epoch  18 | time: 14.77s | dev_output:{'dev_F1': 80.25094152159788, 'dev_P': 85.39576270461802, 'dev_R': 75.6916988568014} | test_output:{'test_F1': 78.39791887045261, 'test_P': 82.8631130317334, 'test_R': 74.39024320459434}
-----------------------------------------------------------------------------------------
| epoch  19 | time: 15.18s | dev_output:{'dev_F1': 79.54060875760115, 'dev_P': 77.03703632373114, 'dev_R': 82.21343792279212} | test_output:{'test_F1': 77.9968662995662, 'test_P': 73.32782763560836, 'test_R': 83.30206300842342}
-----------------------------------------------------------------------------------------
| epoch  20 | time: 15.52s | dev_output:{'dev_F1': 79.41126586093684, 'dev_P': 84.75336227854974, 'dev_R': 74.70355657407552} | test_output:{'test_F1': 78.73965791941293, 'test_P': 82.8157341323423, 'test_R': 75.04690361119228}
-----------------------------------------------------------------------------------------
| epoch  21 | time: 14.89s | dev_output:{'dev_F1': 79.70813741851049, 'dev_P': 84.17582325081513, 'dev_R': 75.6916988568014} | test_output:{'test_F1': 79.29979142414152, 'test_P': 82.25806368691468, 'test_R': 76.54784168341612}
best_f1:0.7929979142414152
-----------------------------------------------------------------------------------------
| epoch  22 | time: 15.04s | dev_output:{'dev_F1': 79.48254034746385, 'dev_P': 87.33727707293163, 'dev_R': 72.92490046516897} | test_output:{'test_F1': 78.3133675402479, 'test_P': 85.3820588551267, 'test_R': 72.32645335528656}
-----------------------------------------------------------------------------------------
| epoch  23 | time: 14.96s | dev_output:{'dev_F1': 79.97901853408948, 'dev_P': 82.99681102022518, 'dev_R': 77.1739122808902} | test_output:{'test_F1': 78.74712740434552, 'test_P': 79.65450979218322, 'test_R': 77.861162496612}
-----------------------------------------------------------------------------------------
| epoch  24 | time: 15.14s | dev_output:{'dev_F1': 80.0203122331479, 'dev_P': 84.5054935768627, 'dev_R': 75.98814154161916} | test_output:{'test_F1': 78.17159519222237, 'test_P': 81.13017072522533, 'test_R': 75.42213812924824}
-----------------------------------------------------------------------------------------
| epoch  25 | time: 15.24s | dev_output:{'dev_F1': 80.06180576219472, 'dev_P': 84.35448485388967, 'dev_R': 76.18576999816433} | test_output:{'test_F1': 78.33202525148857, 'test_P': 81.0431285752946, 'test_R': 75.7973726473042}
-----------------------------------------------------------------------------------------
| epoch  26 | time: 15.03s | dev_output:{'dev_F1': 80.0203122331479, 'dev_P': 84.5054935768627, 'dev_R': 75.98814154161916} | test_output:{'test_F1': 78.40803937959, 'test_P': 81.20602933461278, 'test_R': 75.7973726473042}
-----------------------------------------------------------------------------------------
| epoch  27 | time: 15.40s | dev_output:{'dev_F1': 79.89560439157599, 'dev_P': 84.22781944985958, 'dev_R': 75.98814154161916} | test_output:{'test_F1': 78.4670070928085, 'test_P': 81.22489878288255, 'test_R': 75.89118127681819}
-----------------------------------------------------------------------------------------
| epoch  28 | time: 14.98s | dev_output:{'dev_F1': 79.89560439157599, 'dev_P': 84.22781944985958, 'dev_R': 75.98814154161916} | test_output:{'test_F1': 78.4670070928085, 'test_P': 81.22489878288255, 'test_R': 75.89118127681819}
-----------------------------------------------------------------------------------------
| epoch  29 | time: 14.89s | dev_output:{'dev_F1': 79.89560439157599, 'dev_P': 84.22781944985958, 'dev_R': 75.98814154161916} | test_output:{'test_F1': 78.4670070928085, 'test_P': 81.22489878288255, 'test_R': 75.89118127681819}
-----------------------------------------------------------------------------------------
| epoch   0 | time: 15.66s | dev_output:{'dev_F1': 70.97311486594327, 'dev_P': 65.76728443703807, 'dev_R': 77.0750980526176} | test_output:{'test_F1': 71.26188960704928, 'test_P': 65.89641381755845, 'test_R': 77.57973660807002}
best_f1:0.7126188960704928
-----------------------------------------------------------------------------------------
| epoch   1 | time: 15.92s | dev_output:{'dev_F1': 69.15403437885661, 'dev_P': 84.35277262656085, 'dev_R': 58.59683736564391} | test_output:{'test_F1': 71.85772671577266, 'test_P': 84.04522507480874, 'test_R': 62.757973144859534}
best_f1:0.7185772671577266
-----------------------------------------------------------------------------------------
| epoch   2 | time: 15.50s | dev_output:{'dev_F1': 75.43240415492868, 'dev_P': 83.37320474433966, 'dev_R': 68.87351710599292} | test_output:{'test_F1': 75.98922106732479, 'test_P': 84.07280905491686, 'test_R': 69.32457721083887}
best_f1:0.759892210673248
-----------------------------------------------------------------------------------------
| epoch   3 | time: 15.54s | dev_output:{'dev_F1': 76.29654950968155, 'dev_P': 78.6163513771871, 'dev_R': 74.11067120444001} | test_output:{'test_F1': 74.73634159533887, 'test_P': 76.26953050518037, 'test_R': 73.26453965042646}
-----------------------------------------------------------------------------------------
| epoch   4 | time: 15.63s | dev_output:{'dev_F1': 77.97852752725512, 'dev_P': 75.32228291600109, 'dev_R': 80.8300387269759} | test_output:{'test_F1': 77.58181848666253, 'test_P': 74.71763618837849, 'test_R': 80.6754213820317}
best_f1:0.7758181848666252
-----------------------------------------------------------------------------------------
| epoch   5 | time: 16.71s | dev_output:{'dev_F1': 78.20152944994405, 'dev_P': 76.53736919075337, 'dev_R': 79.94071067252261} | test_output:{'test_F1': 77.22813681936883, 'test_P': 76.06915308399314, 'test_R': 78.42401427369593}
-----------------------------------------------------------------------------------------
| epoch   6 | time: 15.49s | dev_output:{'dev_F1': 77.6317692076024, 'dev_P': 82.60869473122972, 'dev_R': 73.22134314998672} | test_output:{'test_F1': 77.17181255689319, 'test_P': 80.94747599436172, 'test_R': 73.7335827979964}
-----------------------------------------------------------------------------------------
| epoch   7 | time: 15.43s | dev_output:{'dev_F1': 80.3633335075931, 'dev_P': 87.6312708561112, 'dev_R': 74.2094854327126} | test_output:{'test_F1': 77.76600005676715, 'test_P': 84.7345123370076, 'test_R': 71.8574102077166}
best_f1:0.7776600005676715
-----------------------------------------------------------------------------------------
| epoch   8 | time: 15.75s | dev_output:{'dev_F1': 78.5568114798888, 'dev_P': 78.55731147670642, 'dev_R': 78.55731147670642} | test_output:{'test_F1': 76.15476743095854, 'test_P': 75.04553665714447, 'test_R': 77.29831071952805}
-----------------------------------------------------------------------------------------
| epoch   9 | time: 15.55s | dev_output:{'dev_F1': 79.03435533665663, 'dev_P': 86.40093685344739, 'dev_R': 72.82608623689639} | test_output:{'test_F1': 77.20314984064795, 'test_P': 83.92070392157815, 'test_R': 71.48217568966064}
-----------------------------------------------------------------------------------------
| epoch  10 | time: 15.39s | dev_output:{'dev_F1': 77.68620545953078, 'dev_P': 72.04391831043988, 'dev_R': 84.28853671651643} | test_output:{'test_F1': 75.93713621019118, 'test_P': 68.93649526444916, 'test_R': 84.5215751921053}
-----------------------------------------------------------------------------------------
| epoch  11 | time: 15.81s | dev_output:{'dev_F1': 79.48793995895042, 'dev_P': 79.138099126953, 'dev_R': 79.84189644425004} | test_output:{'test_F1': 78.18880001590507, 'test_P': 76.27118576029272, 'test_R': 80.20637823446174}
best_f1:0.7818880001590507
-----------------------------------------------------------------------------------------
| epoch  12 | time: 15.46s | dev_output:{'dev_F1': 79.45896302661156, 'dev_P': 87.70882950228128, 'dev_R': 72.62845778035121} | test_output:{'test_F1': 78.51573278372584, 'test_P': 87.085713290449, 'test_R': 71.48217568966064}
best_f1:0.7851573278372584
-----------------------------------------------------------------------------------------
| epoch  13 | time: 15.54s | dev_output:{'dev_F1': 80.01952933818725, 'dev_P': 81.11675044551522, 'dev_R': 78.95256838979677} | test_output:{'test_F1': 78.5310978295327, 'test_P': 77.80847073841187, 'test_R': 79.26829193932184}
best_f1:0.7853109782953269
-----------------------------------------------------------------------------------------
| epoch  14 | time: 15.65s | dev_output:{'dev_F1': 79.55804092086878, 'dev_P': 77.33208883085739, 'dev_R': 81.91699523797436} | test_output:{'test_F1': 78.62140913549841, 'test_P': 74.29048352011283, 'test_R': 83.4896802674514}
best_f1:0.7862140913549841
-----------------------------------------------------------------------------------------
| epoch  15 | time: 15.74s | dev_output:{'dev_F1': 79.85024853237665, 'dev_P': 86.6898138114605, 'dev_R': 74.01185697616742} | test_output:{'test_F1': 78.45641536594658, 'test_P': 84.1935474817898, 'test_R': 73.45215690945443}
-----------------------------------------------------------------------------------------
| epoch  16 | time: 16.04s | dev_output:{'dev_F1': 80.12668779889756, 'dev_P': 86.39999901257144, 'dev_R': 74.70355657407552} | test_output:{'test_F1': 78.907689491291, 'test_P': 83.77239110882623, 'test_R': 74.57786046362233}
best_f1:0.78907689491291
-----------------------------------------------------------------------------------------
| epoch  17 | time: 15.94s | dev_output:{'dev_F1': 79.73062745890422, 'dev_P': 83.62255874595922, 'dev_R': 76.18576999816433} | test_output:{'test_F1': 78.45517145522821, 'test_P': 79.74806124275135, 'test_R': 77.20450209001405}
-----------------------------------------------------------------------------------------
| epoch  18 | time: 16.41s | dev_output:{'dev_F1': 80.69785050560722, 'dev_P': 79.23809448344672, 'dev_R': 82.21343792279212} | test_output:{'test_F1': 78.76845679312481, 'test_P': 75.08503337512727, 'test_R': 82.83301986085347}
-----------------------------------------------------------------------------------------
| epoch  19 | time: 15.89s | dev_output:{'dev_F1': 80.95424810001673, 'dev_P': 81.48148066585105, 'dev_R': 80.43478181388556} | test_output:{'test_F1': 79.55340265270458, 'test_P': 78.82136207346812, 'test_R': 80.30018686397572}
best_f1:0.7955340265270457
-----------------------------------------------------------------------------------------
| epoch  20 | time: 15.73s | dev_output:{'dev_F1': 80.71698802384824, 'dev_P': 81.40703435771825, 'dev_R': 80.03952490079521} | test_output:{'test_F1': 78.973388695907, 'test_P': 77.17099304233668, 'test_R': 80.86303864105969}
-----------------------------------------------------------------------------------------
| epoch  21 | time: 15.92s | dev_output:{'dev_F1': 80.43768538515049, 'dev_P': 85.19336922438266, 'dev_R': 76.18576999816433} | test_output:{'test_F1': 78.67995344369118, 'test_P': 82.7979266031303, 'test_R': 74.95309498167828}
-----------------------------------------------------------------------------------------
| epoch  22 | time: 16.56s | dev_output:{'dev_F1': 80.68131838447195, 'dev_P': 84.5238086090497, 'dev_R': 77.1739122808902} | test_output:{'test_F1': 78.97485011415627, 'test_P': 81.45563228857795, 'test_R': 76.64165031293011}
-----------------------------------------------------------------------------------------
| epoch  23 | time: 15.55s | dev_output:{'dev_F1': 80.74484191590268, 'dev_P': 84.78260777410209, 'dev_R': 77.0750980526176} | test_output:{'test_F1': 79.02862606027695, 'test_P': 81.89134726467458, 'test_R': 76.36022442438815}
-----------------------------------------------------------------------------------------
| epoch  24 | time: 16.12s | dev_output:{'dev_F1': 80.82851589558544, 'dev_P': 84.96731933586798, 'dev_R': 77.0750980526176} | test_output:{'test_F1': 79.02626392629024, 'test_P': 82.10313364910886, 'test_R': 76.17260716536016}
-----------------------------------------------------------------------------------------
| epoch  25 | time: 16.23s | dev_output:{'dev_F1': 80.91236347391686, 'dev_P': 85.15283749833146, 'dev_R': 77.0750980526176} | test_output:{'test_F1': 78.84940252872433, 'test_P': 82.04868070944543, 'test_R': 75.89118127681819}
-----------------------------------------------------------------------------------------
| epoch  26 | time: 16.37s | dev_output:{'dev_F1': 80.8902305166436, 'dev_P': 84.98367698603181, 'dev_R': 77.1739122808902} | test_output:{'test_F1': 78.9289403262681, 'test_P': 82.00202141555086, 'test_R': 76.07879853584618}
-----------------------------------------------------------------------------------------
| epoch  27 | time: 15.97s | dev_output:{'dev_F1': 80.80862903516287, 'dev_P': 85.04366719384643, 'dev_R': 76.97628382434503} | test_output:{'test_F1': 78.86999654824469, 'test_P': 81.98380483822059, 'test_R': 75.98498990633217}
-----------------------------------------------------------------------------------------
| epoch  28 | time: 16.16s | dev_output:{'dev_F1': 80.87041795117203, 'dev_P': 85.05997726215946, 'dev_R': 77.0750980526176} | test_output:{'test_F1': 78.9289403262681, 'test_P': 82.00202141555086, 'test_R': 76.07879853584618}
-----------------------------------------------------------------------------------------
| epoch  29 | time: 16.25s | dev_output:{'dev_F1': 80.87041795117203, 'dev_P': 85.05997726215946, 'dev_R': 77.0750980526176} | test_output:{'test_F1': 78.9289403262681, 'test_P': 82.00202141555086, 'test_R': 76.07879853584618}
-----------------------------------------------------------------------------------------
| epoch   0 | time: 12.33s | dev_output:{'dev_F1': 72.55228283101583, 'dev_P': 70.5223874018434, 'dev_R': 74.70355657407552} | test_output:{'test_F1': 71.49271264901132, 'test_P': 69.05594345230818, 'test_R': 74.10881731605237}
best_f1:0.7149271264901133
-----------------------------------------------------------------------------------------
| epoch   1 | time: 12.26s | dev_output:{'dev_F1': 68.0603625339065, 'dev_P': 55.31520361362667, 'dev_R': 88.43873430396508} | test_output:{'test_F1': 69.80946538094192, 'test_P': 57.18562840008607, 'test_R': 89.58724118586078}
-----------------------------------------------------------------------------------------
| epoch   2 | time: 12.25s | dev_output:{'dev_F1': 76.11643919565554, 'dev_P': 86.14232102194356, 'dev_R': 68.1818175080848} | test_output:{'test_F1': 77.16821500544133, 'test_P': 89.17589066204317, 'test_R': 68.01125639764301}
best_f1:0.7716821500544132
-----------------------------------------------------------------------------------------
| epoch   3 | time: 12.30s | dev_output:{'dev_F1': 69.94903264958393, 'dev_P': 96.85314515991006, 'dev_R': 54.74308246301302} | test_output:{'test_F1': 71.02091221860948, 'test_P': 96.76375247955093, 'test_R': 56.09756044936623}
-----------------------------------------------------------------------------------------
| epoch   4 | time: 12.92s | dev_output:{'dev_F1': 80.70296776818935, 'dev_P': 79.80676251394434, 'dev_R': 81.6205525531566} | test_output:{'test_F1': 81.65909377738116, 'test_P': 82.08530727881225, 'test_R': 81.23827315911564}
best_f1:0.8165909377738115
-----------------------------------------------------------------------------------------
| epoch   5 | time: 12.70s | dev_output:{'dev_F1': 80.27427843421839, 'dev_P': 79.72709473950201, 'dev_R': 80.8300387269759} | test_output:{'test_F1': 78.63755898677076, 'test_P': 78.20037033209304, 'test_R': 79.08067468029387}
-----------------------------------------------------------------------------------------
| epoch   6 | time: 14.20s | dev_output:{'dev_F1': 81.3536136576655, 'dev_P': 89.16372097569234, 'dev_R': 74.80237080234812} | test_output:{'test_F1': 80.84161187003677, 'test_P': 92.08632983109916, 'test_R': 72.04502746674459}
-----------------------------------------------------------------------------------------
| epoch   7 | time: 13.12s | dev_output:{'dev_F1': 78.96484825753612, 'dev_P': 78.01349972986019, 'dev_R': 79.94071067252261} | test_output:{'test_F1': 79.24304184541421, 'test_P': 77.94918259574246, 'test_R': 80.5816127525177}
-----------------------------------------------------------------------------------------
| epoch   8 | time: 14.23s | dev_output:{'dev_F1': 82.25419801906772, 'dev_P': 87.16814062867101, 'dev_R': 77.8656118787983} | test_output:{'test_F1': 80.05858464621053, 'test_P': 84.24870379016888, 'test_R': 76.26641579487415}
-----------------------------------------------------------------------------------------
| epoch   9 | time: 14.05s | dev_output:{'dev_F1': 80.77275054928911, 'dev_P': 85.6984469434762, 'dev_R': 76.3833984547095} | test_output:{'test_F1': 82.03036218554787, 'test_P': 87.38069896733087, 'test_R': 77.29831071952805}
best_f1:0.8203036218554788
-----------------------------------------------------------------------------------------
| epoch  10 | time: 13.59s | dev_output:{'dev_F1': 81.55871964374384, 'dev_P': 82.50758258334092, 'dev_R': 80.63241027043074} | test_output:{'test_F1': 82.23888186786984, 'test_P': 84.69184806469336, 'test_R': 79.92495234591978}
best_f1:0.8223888186786984
-----------------------------------------------------------------------------------------
| epoch  11 | time: 13.80s | dev_output:{'dev_F1': 79.51503582391545, 'dev_P': 85.11837559054818, 'dev_R': 74.60474234580295} | test_output:{'test_F1': 80.90859304151896, 'test_P': 87.63676052913829, 'test_R': 75.14071224070626}
-----------------------------------------------------------------------------------------
| epoch  12 | time: 12.93s | dev_output:{'dev_F1': 79.90448810779047, 'dev_P': 76.94418959794886, 'dev_R': 83.1027659772454} | test_output:{'test_F1': 79.51864573009138, 'test_P': 75.67796546035622, 'test_R': 83.77110615599338}
-----------------------------------------------------------------------------------------
| epoch  13 | time: 13.32s | dev_output:{'dev_F1': 80.25427632144051, 'dev_P': 79.59183596120664, 'dev_R': 80.92885295524849} | test_output:{'test_F1': 81.19324632263215, 'test_P': 82.00956859320986, 'test_R': 80.39399549348973}
-----------------------------------------------------------------------------------------
| epoch  14 | time: 14.25s | dev_output:{'dev_F1': 80.6106710094353, 'dev_P': 86.34311414962626, 'dev_R': 75.59288462852881} | test_output:{'test_F1': 81.01731449468573, 'test_P': 88.5428243766093, 'test_R': 74.67166909313632}
-----------------------------------------------------------------------------------------
| epoch  15 | time: 13.30s | dev_output:{'dev_F1': 80.48601669658393, 'dev_P': 86.57565316751248, 'dev_R': 75.19762771543846} | test_output:{'test_F1': 81.61339484422058, 'test_P': 89.57399002719742, 'test_R': 74.95309498167828}
-----------------------------------------------------------------------------------------
| epoch  16 | time: 13.21s | dev_output:{'dev_F1': 80.7626178398279, 'dev_P': 87.085713290449, 'dev_R': 75.29644194371105} | test_output:{'test_F1': 81.57173379954679, 'test_P': 89.47368320858138, 'test_R': 74.95309498167828}
-----------------------------------------------------------------------------------------
| epoch  17 | time: 12.48s | dev_output:{'dev_F1': 81.16034525477933, 'dev_P': 80.80313339076265, 'dev_R': 81.52173832488401} | test_output:{'test_F1': 81.98408531884786, 'test_P': 84.25742490834233, 'test_R': 79.83114371640579}
-----------------------------------------------------------------------------------------
| epoch  18 | time: 12.65s | dev_output:{'dev_F1': 82.02995639872445, 'dev_P': 84.34237907784573, 'dev_R': 79.84189644425004} | test_output:{'test_F1': 82.36987095586066, 'test_P': 86.965588248534, 'test_R': 78.23639701466794}
best_f1:0.8236987095586066
-----------------------------------------------------------------------------------------
| epoch  19 | time: 12.32s | dev_output:{'dev_F1': 79.2848230462363, 'dev_P': 91.14248920227871, 'dev_R': 70.15810207353654} | test_output:{'test_F1': 80.4052748557689, 'test_P': 93.30854902963385, 'test_R': 70.63789802403473}
-----------------------------------------------------------------------------------------
| epoch  20 | time: 13.28s | dev_output:{'dev_F1': 81.60278876520215, 'dev_P': 85.01070572793678, 'dev_R': 78.45849724843383} | test_output:{'test_F1': 82.5865656998935, 'test_P': 87.9237278821639, 'test_R': 77.861162496612}
best_f1:0.825865656998935
-----------------------------------------------------------------------------------------
| epoch  21 | time: 13.42s | dev_output:{'dev_F1': 81.48864191842307, 'dev_P': 85.46637651337987, 'dev_R': 77.8656118787983} | test_output:{'test_F1': 82.42313691568539, 'test_P': 88.39956940494555, 'test_R': 77.20450209001405}
-----------------------------------------------------------------------------------------
| epoch  22 | time: 13.98s | dev_output:{'dev_F1': 81.76573424220474, 'dev_P': 86.19934188171587, 'dev_R': 77.76679765052572} | test_output:{'test_F1': 82.57754819786133, 'test_P': 89.13043381379964, 'test_R': 76.92307620147209}
-----------------------------------------------------------------------------------------
| epoch  23 | time: 13.96s | dev_output:{'dev_F1': 81.6705190467323, 'dev_P': 86.6002205249145, 'dev_R': 77.27272650916278} | test_output:{'test_F1': 82.45917937344552, 'test_P': 89.10675284197437, 'test_R': 76.7354589424441}
-----------------------------------------------------------------------------------------
| epoch  24 | time: 14.42s | dev_output:{'dev_F1': 81.56608040552928, 'dev_P': 86.4894785549338, 'dev_R': 77.1739122808902} | test_output:{'test_F1': 82.34057166256919, 'test_P': 89.08296845979292, 'test_R': 76.54784168341612}
-----------------------------------------------------------------------------------------
| epoch  25 | time: 14.27s | dev_output:{'dev_F1': 81.58945902424367, 'dev_P': 86.66666570370371, 'dev_R': 77.0750980526176} | test_output:{'test_F1': 82.28117799860541, 'test_P': 89.07103727791217, 'test_R': 76.45403305390212}
-----------------------------------------------------------------------------------------
| epoch  26 | time: 13.97s | dev_output:{'dev_F1': 81.61524345576684, 'dev_P': 85.74537447502313, 'dev_R': 77.8656118787983} | test_output:{'test_F1': 82.32298669135403, 'test_P': 88.2921580204924, 'test_R': 77.11069346050007}
-----------------------------------------------------------------------------------------
| epoch  27 | time: 13.60s | dev_output:{'dev_F1': 81.65753143100481, 'dev_P': 85.83877902136406, 'dev_R': 77.8656118787983} | test_output:{'test_F1': 82.4644313576968, 'test_P': 88.49462270435889, 'test_R': 77.20450209001405}
-----------------------------------------------------------------------------------------
| epoch  28 | time: 13.08s | dev_output:{'dev_F1': 81.77544234598525, 'dev_P': 85.62162069598249, 'dev_R': 78.26086879188865} | test_output:{'test_F1': 82.39351614979998, 'test_P': 87.96592025595399, 'test_R': 77.48592797855602}
-----------------------------------------------------------------------------------------
| epoch  29 | time: 13.11s | dev_output:{'dev_F1': 81.75660615892494, 'dev_P': 85.69880730553838, 'dev_R': 78.16205456361607} | test_output:{'test_F1': 82.57563704868201, 'test_P': 88.26040460767979, 'test_R': 77.57973660807002}
-----------------------------------------------------------------------------------------
| epoch   0 | time: 13.92s | dev_output:{'dev_F1': 71.76366561443999, 'dev_P': 67.21311417417503, 'dev_R': 76.97628382434503} | test_output:{'test_F1': 71.6205364110123, 'test_P': 66.7206472330312, 'test_R': 77.29831071952805}
best_f1:0.7162053641101229
-----------------------------------------------------------------------------------------
| epoch   1 | time: 13.34s | dev_output:{'dev_F1': 67.13872064121776, 'dev_P': 96.48147969478742, 'dev_R': 51.48221293001766} | test_output:{'test_F1': 66.78876180292086, 'test_P': 96.28975094894433, 'test_R': 51.12570308512474}
-----------------------------------------------------------------------------------------
| epoch   2 | time: 13.33s | dev_output:{'dev_F1': 81.37516303095205, 'dev_P': 87.58542041474465, 'dev_R': 75.98814154161916} | test_output:{'test_F1': 82.07925977753172, 'test_P': 88.85245804532833, 'test_R': 76.26641579487415}
best_f1:0.8207925977753172
-----------------------------------------------------------------------------------------
| epoch   3 | time: 13.01s | dev_output:{'dev_F1': 81.71116547098569, 'dev_P': 84.33228092184774, 'dev_R': 79.24901107461451} | test_output:{'test_F1': 81.00097304933611, 'test_P': 84.96395381087586, 'test_R': 77.39211934904203}
-----------------------------------------------------------------------------------------
| epoch   4 | time: 13.18s | dev_output:{'dev_F1': 82.59228702259816, 'dev_P': 87.68035418778742, 'dev_R': 78.06324033534348} | test_output:{'test_F1': 82.16768879724772, 'test_P': 89.31717963307071, 'test_R': 76.07879853584618}
best_f1:0.8216768879724772
-----------------------------------------------------------------------------------------
| epoch   5 | time: 13.66s | dev_output:{'dev_F1': 78.62901504910016, 'dev_P': 95.35211133306886, 'dev_R': 66.89723254054118} | test_output:{'test_F1': 75.09878367535954, 'test_P': 94.97847783388124, 'test_R': 62.101312738261605}
-----------------------------------------------------------------------------------------
| epoch   6 | time: 13.45s | dev_output:{'dev_F1': 83.28918140584088, 'dev_P': 88.62876155374848, 'dev_R': 78.55731147670642} | test_output:{'test_F1': 81.15295400481, 'test_P': 89.9543368726674, 'test_R': 73.9212000570244}
-----------------------------------------------------------------------------------------
| epoch   7 | time: 12.94s | dev_output:{'dev_F1': 82.02714959342659, 'dev_P': 85.12220950985963, 'dev_R': 79.15019684634194} | test_output:{'test_F1': 82.09950136001855, 'test_P': 87.90149798820667, 'test_R': 77.01688483098607}
-----------------------------------------------------------------------------------------
| epoch   8 | time: 13.07s | dev_output:{'dev_F1': 84.16146806163486, 'dev_P': 87.43343889847243, 'dev_R': 81.12648141179366} | test_output:{'test_F1': 83.4399356271368, 'test_P': 88.19226658106305, 'test_R': 79.17448330980785}
best_f1:0.8343993562713681
-----------------------------------------------------------------------------------------
| epoch   9 | time: 13.44s | dev_output:{'dev_F1': 82.4446418588204, 'dev_P': 87.472282843988, 'dev_R': 77.96442610707089} | test_output:{'test_F1': 82.63002373144356, 'test_P': 88.87688888901847, 'test_R': 77.20450209001405}
-----------------------------------------------------------------------------------------
| epoch  10 | time: 13.62s | dev_output:{'dev_F1': 83.3759891650681, 'dev_P': 87.59521123400205, 'dev_R': 79.54545375943228} | test_output:{'test_F1': 82.41763793484405, 'test_P': 89.00979228498595, 'test_R': 76.7354589424441}
-----------------------------------------------------------------------------------------
| epoch  11 | time: 13.60s | dev_output:{'dev_F1': 81.99102715263324, 'dev_P': 88.35616337492964, 'dev_R': 76.48221268298208} | test_output:{'test_F1': 80.80654016198515, 'test_P': 90.08073713863048, 'test_R': 73.26453965042646}
-----------------------------------------------------------------------------------------
| epoch  12 | time: 14.27s | dev_output:{'dev_F1': 82.95015875738547, 'dev_P': 82.02898471469581, 'dev_R': 83.8932798034261} | test_output:{'test_F1': 82.66364662553616, 'test_P': 83.25404297569892, 'test_R': 82.08255082474155}
-----------------------------------------------------------------------------------------
| epoch  13 | time: 12.97s | dev_output:{'dev_F1': 82.02864530768844, 'dev_P': 90.36860772451121, 'dev_R': 75.09881348716587} | test_output:{'test_F1': 80.06279804442819, 'test_P': 91.44578203077371, 'test_R': 71.20074980111866}
-----------------------------------------------------------------------------------------
| epoch  14 | time: 14.12s | dev_output:{'dev_F1': 84.13956181985233, 'dev_P': 87.84946142097354, 'dev_R': 80.73122449870331} | test_output:{'test_F1': 82.83680242390847, 'test_P': 87.89473591689752, 'test_R': 78.33020564418194}
-----------------------------------------------------------------------------------------
| epoch  15 | time: 13.18s | dev_output:{'dev_F1': 83.8191304796298, 'dev_P': 90.49255337351028, 'dev_R': 78.06324033534348} | test_output:{'test_F1': 82.1731948244085, 'test_P': 89.59025371439365, 'test_R': 75.89118127681819}
-----------------------------------------------------------------------------------------
| epoch  16 | time: 13.06s | dev_output:{'dev_F1': 84.01731213650862, 'dev_P': 84.1427147260385, 'dev_R': 83.8932798034261} | test_output:{'test_F1': 83.22161564221031, 'test_P': 84.59302243611413, 'test_R': 81.89493356571357}
-----------------------------------------------------------------------------------------
| epoch  17 | time: 13.70s | dev_output:{'dev_F1': 83.34985722738091, 'dev_P': 86.25792720657583, 'dev_R': 80.63241027043074} | test_output:{'test_F1': 83.65708742103345, 'test_P': 86.86868599122539, 'test_R': 80.6754213820317}
best_f1:0.8365708742103345
-----------------------------------------------------------------------------------------
| epoch  18 | time: 13.39s | dev_output:{'dev_F1': 83.5195022695511, 'dev_P': 90.73001053615283, 'dev_R': 77.37154073743537} | test_output:{'test_F1': 81.56490044751413, 'test_P': 90.41095787202103, 'test_R': 74.29643457508035}
-----------------------------------------------------------------------------------------
| epoch  19 | time: 14.05s | dev_output:{'dev_F1': 83.87738159033765, 'dev_P': 91.57894629732228, 'dev_R': 77.37154073743537} | test_output:{'test_F1': 82.01389221713211, 'test_P': 90.681817151343, 'test_R': 74.8592863521643}
-----------------------------------------------------------------------------------------
| epoch  20 | time: 13.93s | dev_output:{'dev_F1': 83.43323423409593, 'dev_P': 84.79591750208247, 'dev_R': 82.11462369451952} | test_output:{'test_F1': 83.39755805652977, 'test_P': 86.41851019699688, 'test_R': 80.5816127525177}
-----------------------------------------------------------------------------------------
| epoch  21 | time: 13.19s | dev_output:{'dev_F1': 83.81393306599635, 'dev_P': 87.60775767664055, 'dev_R': 80.33596758561296} | test_output:{'test_F1': 83.15113605699483, 'test_P': 88.1302511751024, 'test_R': 78.70544016223789}
-----------------------------------------------------------------------------------------
| epoch  22 | time: 13.83s | dev_output:{'dev_F1': 83.7156814241296, 'dev_P': 86.58922823031439, 'dev_R': 81.02766718352107} | test_output:{'test_F1': 82.9456202588334, 'test_P': 87.66980054681504, 'test_R': 78.70544016223789}
-----------------------------------------------------------------------------------------
| epoch  23 | time: 13.28s | dev_output:{'dev_F1': 83.69903984606503, 'dev_P': 86.66666574955909, 'dev_R': 80.92885295524849} | test_output:{'test_F1': 82.92874363964094, 'test_P': 87.74869018064199, 'test_R': 78.61163153272392}
-----------------------------------------------------------------------------------------
| epoch  24 | time: 13.59s | dev_output:{'dev_F1': 83.74183103935718, 'dev_P': 86.75847365721955, 'dev_R': 80.92885295524849} | test_output:{'test_F1': 82.87078784830746, 'test_P': 87.7358481369408, 'test_R': 78.51782290320992}
-----------------------------------------------------------------------------------------
| epoch  25 | time: 12.85s | dev_output:{'dev_F1': 83.68236421985458, 'dev_P': 86.7444317418406, 'dev_R': 80.8300387269759} | test_output:{'test_F1': 82.87078784830746, 'test_P': 87.7358481369408, 'test_R': 78.51782290320992}
-----------------------------------------------------------------------------------------
| epoch  26 | time: 13.00s | dev_output:{'dev_F1': 83.66565444089899, 'dev_P': 86.82252830156717, 'dev_R': 80.73122449870331} | test_output:{'test_F1': 82.91183358593955, 'test_P': 87.82791093569874, 'test_R': 78.51782290320992}
-----------------------------------------------------------------------------------------
| epoch  27 | time: 13.22s | dev_output:{'dev_F1': 83.79437165846468, 'dev_P': 87.10021229104251, 'dev_R': 80.73122449870331} | test_output:{'test_F1': 82.85381197670155, 'test_P': 87.81512512799239, 'test_R': 78.42401427369593}
-----------------------------------------------------------------------------------------
| epoch  28 | time: 13.05s | dev_output:{'dev_F1': 83.73474872967903, 'dev_P': 87.08644517517135, 'dev_R': 80.63241027043074} | test_output:{'test_F1': 82.85381197670155, 'test_P': 87.81512512799239, 'test_R': 78.42401427369593}
-----------------------------------------------------------------------------------------
| epoch  29 | time: 13.27s | dev_output:{'dev_F1': 83.73474872967903, 'dev_P': 87.08644517517135, 'dev_R': 80.63241027043074} | test_output:{'test_F1': 82.85381197670155, 'test_P': 87.81512512799239, 'test_R': 78.42401427369593}
