| epoch  0 | step  100 | min/b  0.66 | lr [2.1849963583394027e-06, 7.283321194464676e-06, 2.9133284777858705e-05] | train loss 3576.574
| epoch  0 | step  200 | min/b  0.63 | lr [4.369992716678805e-06, 1.4566642388929352e-05, 5.826656955571741e-05] | train loss 397.784
| epoch  0 | step  300 | min/b  0.66 | lr [6.554989075018208e-06, 2.184996358339403e-05, 8.739985433357611e-05] | train loss 342.538
| epoch  0 | step  400 | min/b  0.67 | lr [8.73998543335761e-06, 2.9133284777858705e-05, 0.00011653313911143482] | train loss 274.461
| epoch  0 | step  500 | min/b  0.66 | lr [1.0924981791697014e-05, 3.6416605972323384e-05, 0.00014566642388929354] | train loss 237.067
| epoch  0 | step  600 | min/b  0.66 | lr [1.3109978150036416e-05, 4.369992716678806e-05, 0.00017479970866715223] | train loss 223.809
| epoch  0 | step  700 | min/b  0.66 | lr [1.529497450837582e-05, 5.0983248361252736e-05, 0.00020393299344501095] | train loss 199.670
-----------------------------------------------------------------------------------------
| epoch   0 | time: 30.52s | dev_result:{'dev_F1': 40.91164155911426, 'dev_F1_ign': 39.18601213800972, 'dev_re_p': 43.508997429305914, 'dev_re_r': 38.60692464358452, 'dev_average_loss': 0.20527676715401705}
-----------------------------------------------------------------------------------------
| epoch   0 | best_f1:0.4091164155911426
| epoch  1 | step  800 | min/b  0.23 | lr [1.747997086671522e-05, 5.826656955571741e-05, 0.00023306627822286964] | train loss 200.842
| epoch  1 | step  900 | min/b  0.65 | lr [1.9664967225054627e-05, 6.554989075018209e-05, 0.00026219956300072835] | train loss 195.520
| epoch  1 | step 1000 | min/b  0.67 | lr [2.184996358339403e-05, 7.283321194464677e-05, 0.0002913328477785871] | train loss 199.129
| epoch  1 | step 1100 | min/b  0.66 | lr [2.403495994173343e-05, 8.011653313911143e-05, 0.00032046613255644574] | train loss 189.676
| epoch  1 | step 1200 | min/b  0.64 | lr [2.6219956300072832e-05, 8.739985433357611e-05, 0.00034959941733430446] | train loss 194.333
| epoch  1 | step 1300 | min/b  0.65 | lr [2.8404952658412237e-05, 9.46831755280408e-05, 0.0003787327021121632] | train loss 185.991
| epoch  1 | step 1400 | min/b  0.66 | lr [2.996235534693498e-05, 9.98745178231166e-05, 0.0003994980712924664] | train loss 190.935
| epoch  1 | step 1500 | min/b  0.65 | lr [2.9822930705953434e-05, 9.940976901984478e-05, 0.0003976390760793791] | train loss 181.005
-----------------------------------------------------------------------------------------
| epoch   1 | time: 30.99s | dev_result:{'dev_F1': 49.805303170776924, 'dev_F1_ign': 48.12924582726652, 'dev_re_p': 57.78208024093794, 'dev_re_r': 43.76374745417515, 'dev_average_loss': 0.18649987770404988}
-----------------------------------------------------------------------------------------
| epoch   1 | best_f1:0.49805303170776927
| epoch  2 | step 1600 | min/b  0.49 | lr [2.9683506064971884e-05, 9.894502021657295e-05, 0.0003957800808662918] | train loss 164.889
| epoch  2 | step 1700 | min/b  0.66 | lr [2.9544081423990333e-05, 9.848027141330111e-05, 0.00039392108565320446] | train loss 150.682
| epoch  2 | step 1800 | min/b  0.65 | lr [2.9404656783008786e-05, 9.801552261002928e-05, 0.00039206209044011713] | train loss 163.446
| epoch  2 | step 1900 | min/b  0.66 | lr [2.9265232142027235e-05, 9.755077380675745e-05, 0.0003902030952270298] | train loss 151.793
| epoch  2 | step 2000 | min/b  0.66 | lr [2.9125807501045688e-05, 9.708602500348562e-05, 0.0003883441000139425] | train loss 178.915
| epoch  2 | step 2100 | min/b  0.70 | lr [2.8986382860064134e-05, 9.662127620021378e-05, 0.0003864851048008551] | train loss 149.986
| epoch  2 | step 2200 | min/b  0.66 | lr [2.8846958219082587e-05, 9.615652739694195e-05, 0.0003846261095877678] | train loss 143.727
-----------------------------------------------------------------------------------------
| epoch   2 | time: 30.24s | dev_result:{'dev_F1': 51.56235512285582, 'dev_F1_ign': 49.964769739219115, 'dev_re_p': 59.827864443249055, 'dev_re_r': 45.30346232179226, 'dev_average_loss': 0.1585892077595115}
-----------------------------------------------------------------------------------------
| epoch   2 | best_f1:0.5156235512285582
| epoch  3 | step 2300 | min/b  0.07 | lr [2.8707533578101036e-05, 9.569177859367012e-05, 0.00038276711437468047] | train loss 152.302
| epoch  3 | step 2400 | min/b  0.69 | lr [2.8568108937119486e-05, 9.522702979039829e-05, 0.00038090811916159314] | train loss 125.463
| epoch  3 | step 2500 | min/b  0.69 | lr [2.842868429613794e-05, 9.476228098712645e-05, 0.0003790491239485058] | train loss 135.114
| epoch  3 | step 2600 | min/b  0.70 | lr [2.8289259655156388e-05, 9.429753218385464e-05, 0.00037719012873541855] | train loss 127.766
| epoch  3 | step 2700 | min/b  0.69 | lr [2.814983501417484e-05, 9.383278338058281e-05, 0.00037533113352233123] | train loss 127.228
| epoch  3 | step 2800 | min/b  0.64 | lr [2.801041037319329e-05, 9.336803457731098e-05, 0.0003734721383092439] | train loss 130.235
| epoch  3 | step 2900 | min/b  0.64 | lr [2.787098573221174e-05, 9.290328577403915e-05, 0.0003716131430961566] | train loss 137.010
| epoch  3 | step 3000 | min/b  0.64 | lr [2.7731561091230192e-05, 9.243853697076731e-05, 0.00036975414788306926] | train loss 123.949
-----------------------------------------------------------------------------------------
| epoch   3 | time: 31.88s | dev_result:{'dev_F1': 57.407182967721084, 'dev_F1_ign': 55.3426166210152, 'dev_re_p': 56.9402147780093, 'dev_re_r': 57.88187372708757, 'dev_average_loss': 0.15765648819730133}
-----------------------------------------------------------------------------------------
| epoch   3 | best_f1:0.5740718296772108
| epoch  4 | step 3100 | min/b  0.32 | lr [2.7592136450248642e-05, 9.197378816749548e-05, 0.00036789515266998194] | train loss 119.393
| epoch  4 | step 3200 | min/b  0.66 | lr [2.745271180926709e-05, 9.150903936422364e-05, 0.00036603615745689456] | train loss 109.029
| epoch  4 | step 3300 | min/b  0.67 | lr [2.731328716828554e-05, 9.104429056095181e-05, 0.00036417716224380724] | train loss 98.048
| epoch  4 | step 3400 | min/b  0.65 | lr [2.7173862527303993e-05, 9.057954175767998e-05, 0.0003623181670307199] | train loss 106.458
| epoch  4 | step 3500 | min/b  0.66 | lr [2.7034437886322443e-05, 9.011479295440815e-05, 0.0003604591718176326] | train loss 106.752
| epoch  4 | step 3600 | min/b  0.65 | lr [2.6895013245340892e-05, 8.965004415113632e-05, 0.00035860017660454527] | train loss 102.264
| epoch  4 | step 3700 | min/b  0.64 | lr [2.6755588604359345e-05, 8.918529534786449e-05, 0.00035674118139145794] | train loss 109.867
| epoch  4 | step 3800 | min/b  0.67 | lr [2.6616163963377795e-05, 8.872054654459266e-05, 0.0003548821861783706] | train loss 106.477
-----------------------------------------------------------------------------------------
| epoch   4 | time: 30.10s | dev_result:{'dev_F1': 57.04257339885205, 'dev_F1_ign': 54.84282229655992, 'dev_re_p': 57.837883101658015, 'dev_re_r': 56.26883910386965, 'dev_average_loss': 0.1595516172359009}
-----------------------------------------------------------------------------------------
| epoch  5 | step 3900 | min/b  0.57 | lr [2.6476739322396247e-05, 8.825579774132082e-05, 0.0003530231909652833] | train loss 87.975
| epoch  5 | step 4000 | min/b  0.66 | lr [2.6337314681414697e-05, 8.7791048938049e-05, 0.000351164195752196] | train loss 95.467
| epoch  5 | step 4100 | min/b  0.67 | lr [2.6197890040433146e-05, 8.732630013477716e-05, 0.00034930520053910865] | train loss 88.980
| epoch  5 | step 4200 | min/b  0.66 | lr [2.60584653994516e-05, 8.686155133150533e-05, 0.00034744620532602133] | train loss 88.839
| epoch  5 | step 4300 | min/b  0.68 | lr [2.5919040758470045e-05, 8.639680252823349e-05, 0.00034558721011293395] | train loss 89.570
| epoch  5 | step 4400 | min/b  0.64 | lr [2.5779616117488498e-05, 8.593205372496166e-05, 0.00034372821489984663] | train loss 83.829
| epoch  5 | step 4500 | min/b  0.69 | lr [2.5640191476506947e-05, 8.546730492168983e-05, 0.0003418692196867593] | train loss 83.151
-----------------------------------------------------------------------------------------
| epoch   5 | time: 30.26s | dev_result:{'dev_F1': 56.24893580793462, 'dev_F1_ign': 54.12059775112549, 'dev_re_p': 58.90166711241866, 'dev_re_r': 53.824847250509166, 'dev_average_loss': 0.16960651862000176}
-----------------------------------------------------------------------------------------
| epoch  6 | step 4600 | min/b  0.15 | lr [2.55007668355254e-05, 8.5002556118418e-05, 0.000340010224473672] | train loss 91.830
| epoch  6 | step 4700 | min/b  0.67 | lr [2.536134219454385e-05, 8.453780731514616e-05, 0.00033815122926058466] | train loss 68.637
| epoch  6 | step 4800 | min/b  0.64 | lr [2.52219175535623e-05, 8.407305851187433e-05, 0.00033629223404749734] | train loss 71.189
| epoch  6 | step 4900 | min/b  0.64 | lr [2.5082492912580752e-05, 8.36083097086025e-05, 0.00033443323883441] | train loss 72.434
| epoch  6 | step 5000 | min/b  0.67 | lr [2.49430682715992e-05, 8.314356090533067e-05, 0.0003325742436213227] | train loss 69.597
| epoch  6 | step 5100 | min/b  0.66 | lr [2.4803643630617654e-05, 8.267881210205884e-05, 0.00033071524840823537] | train loss 75.230
| epoch  6 | step 5200 | min/b  0.65 | lr [2.4664218989636103e-05, 8.221406329878701e-05, 0.00032885625319514805] | train loss 71.076
| epoch  6 | step 5300 | min/b  0.64 | lr [2.4524794348654553e-05, 8.174931449551518e-05, 0.0003269972579820607] | train loss 73.882
-----------------------------------------------------------------------------------------
| epoch   6 | time: 29.89s | dev_result:{'dev_F1': 57.884461797852516, 'dev_F1_ign': 56.11028099102211, 'dev_re_p': 63.558413719185424, 'dev_re_r': 53.14052953156823, 'dev_average_loss': 0.17066754254406105}
-----------------------------------------------------------------------------------------
| epoch   6 | best_f1:0.5788446179785252
| epoch  7 | step 5400 | min/b  0.38 | lr [2.4385369707673002e-05, 8.128456569224334e-05, 0.00032513826276897335] | train loss 61.376
| epoch  7 | step 5500 | min/b  0.65 | lr [2.424594506669145e-05, 8.08198168889715e-05, 0.000323279267555886] | train loss 63.423
| epoch  7 | step 5600 | min/b  0.66 | lr [2.4106520425709904e-05, 8.035506808569967e-05, 0.0003214202723427987] | train loss 58.684
| epoch  7 | step 5700 | min/b  0.69 | lr [2.3967095784728354e-05, 7.989031928242784e-05, 0.0003195612771297114] | train loss 59.750
| epoch  7 | step 5800 | min/b  0.70 | lr [2.3827671143746807e-05, 7.942557047915601e-05, 0.00031770228191662405] | train loss 59.366
| epoch  7 | step 5900 | min/b  0.69 | lr [2.3688246502765256e-05, 7.896082167588418e-05, 0.00031584328670353673] | train loss 57.139
| epoch  7 | step 6000 | min/b  0.69 | lr [2.3548821861783706e-05, 7.849607287261235e-05, 0.0003139842914904494] | train loss 63.599
| epoch  7 | step 6100 | min/b  0.69 | lr [2.340939722080216e-05, 7.803132406934053e-05, 0.00031212529627736214] | train loss 62.301
-----------------------------------------------------------------------------------------
| epoch   7 | time: 34.14s | dev_result:{'dev_F1': 58.12140262072908, 'dev_F1_ign': 55.932283789615425, 'dev_re_p': 58.24742268041238, 'dev_re_r': 57.9959266802444, 'dev_average_loss': 0.18726860011044988}
-----------------------------------------------------------------------------------------
| epoch   7 | best_f1:0.5812140262072908
| epoch  8 | step 6200 | min/b  0.65 | lr [2.3269972579820608e-05, 7.75665752660687e-05, 0.0003102663010642748] | train loss 47.513
| epoch  8 | step 6300 | min/b  0.67 | lr [2.313054793883906e-05, 7.710182646279687e-05, 0.0003084073058511875] | train loss 43.945
| epoch  8 | step 6400 | min/b  0.69 | lr [2.2991123297857507e-05, 7.663707765952503e-05, 0.0003065483106381001] | train loss 48.238
| epoch  8 | step 6500 | min/b  0.68 | lr [2.285169865687596e-05, 7.61723288562532e-05, 0.0003046893154250128] | train loss 49.705
| epoch  8 | step 6600 | min/b  0.67 | lr [2.271227401589441e-05, 7.570758005298137e-05, 0.00030283032021192547] | train loss 48.647
| epoch  8 | step 6700 | min/b  0.69 | lr [2.2572849374912858e-05, 7.524283124970954e-05, 0.00030097132499883815] | train loss 50.795
| epoch  8 | step 6800 | min/b  0.68 | lr [2.243342473393131e-05, 7.47780824464377e-05, 0.0002991123297857508] | train loss 49.554
-----------------------------------------------------------------------------------------
| epoch   8 | time: 31.86s | dev_result:{'dev_F1': 58.90282399112704, 'dev_F1_ign': 56.917740139965424, 'dev_re_p': 61.82502014865228, 'dev_re_r': 56.24439918533605, 'dev_average_loss': 0.202445095841715}
-----------------------------------------------------------------------------------------
| epoch   8 | best_f1:0.5890282399112704
| epoch  9 | step 6900 | min/b  0.22 | lr [2.229400009294976e-05, 7.431333364316588e-05, 0.0002972533345726635] | train loss 43.772
| epoch  9 | step 7000 | min/b  0.64 | lr [2.2154575451968213e-05, 7.384858483989404e-05, 0.0002953943393595762] | train loss 39.698
| epoch  9 | step 7100 | min/b  0.65 | lr [2.2015150810986663e-05, 7.338383603662221e-05, 0.00029353534414648885] | train loss 36.028
| epoch  9 | step 7200 | min/b  0.68 | lr [2.1875726170005112e-05, 7.291908723335038e-05, 0.00029167634893340153] | train loss 39.165
| epoch  9 | step 7300 | min/b  0.69 | lr [2.1736301529023565e-05, 7.245433843007855e-05, 0.0002898173537203142] | train loss 37.378
| epoch  9 | step 7400 | min/b  0.70 | lr [2.1596876888042014e-05, 7.198958962680672e-05, 0.0002879583585072269] | train loss 41.351
| epoch  9 | step 7500 | min/b  0.70 | lr [2.1457452247060464e-05, 7.152484082353488e-05, 0.0002860993632941395] | train loss 38.267
| epoch  9 | step 7600 | min/b  0.69 | lr [2.1318027606078913e-05, 7.106009202026305e-05, 0.0002842403680810522] | train loss 36.969
-----------------------------------------------------------------------------------------
| epoch   9 | time: 37.04s | dev_result:{'dev_F1': 59.19674543408638, 'dev_F1_ign': 57.24937398374508, 'dev_re_p': 63.14283076354907, 'dev_re_r': 55.71486761710794, 'dev_average_loss': 0.20502022022609123}
-----------------------------------------------------------------------------------------
| epoch   9 | best_f1:0.5919674543408638
| epoch 10 | step 7700 | min/b  0.47 | lr [2.1178602965097366e-05, 7.059534321699122e-05, 0.00028238137286796486] | train loss 32.099
| epoch 10 | step 7800 | min/b  0.69 | lr [2.1039178324115815e-05, 7.013059441371938e-05, 0.00028052237765487754] | train loss 33.225
| epoch 10 | step 7900 | min/b  0.71 | lr [2.0899753683134265e-05, 6.966584561044755e-05, 0.0002786633824417902] | train loss 26.109
| epoch 10 | step 8000 | min/b  0.66 | lr [2.0760329042152718e-05, 6.920109680717572e-05, 0.0002768043872287029] | train loss 30.709
| epoch 10 | step 8100 | min/b  0.67 | lr [2.0620904401171167e-05, 6.873634800390389e-05, 0.00027494539201561557] | train loss 28.598
| epoch 10 | step 8200 | min/b  0.68 | lr [2.048147976018962e-05, 6.827159920063206e-05, 0.00027308639680252825] | train loss 35.508
| epoch 10 | step 8300 | min/b  0.68 | lr [2.034205511920807e-05, 6.780685039736023e-05, 0.0002712274015894409] | train loss 33.490
-----------------------------------------------------------------------------------------
| epoch  10 | time: 33.07s | dev_result:{'dev_F1': 59.35274804929007, 'dev_F1_ign': 57.31867106506917, 'dev_re_p': 62.265163714439076, 'dev_re_r': 56.70061099796334, 'dev_average_loss': 0.2182786760101457}
-----------------------------------------------------------------------------------------
| epoch  10 | best_f1:0.5935274804929007
| epoch 11 | step 8400 | min/b  0.04 | lr [2.020263047822652e-05, 6.73421015940884e-05, 0.0002693684063763536] | train loss 30.715
| epoch 11 | step 8500 | min/b  0.67 | lr [2.006320583724497e-05, 6.687735279081657e-05, 0.0002675094111632663] | train loss 25.085
| epoch 11 | step 8600 | min/b  0.66 | lr [1.9923781196263418e-05, 6.641260398754473e-05, 0.0002656504159501789] | train loss 25.755
| epoch 11 | step 8700 | min/b  0.67 | lr [1.978435655528187e-05, 6.59478551842729e-05, 0.0002637914207370916] | train loss 25.945
| epoch 11 | step 8800 | min/b  0.66 | lr [1.964493191430032e-05, 6.548310638100106e-05, 0.00026193242552400426] | train loss 22.882
| epoch 11 | step 8900 | min/b  0.69 | lr [1.9505507273318773e-05, 6.501835757772923e-05, 0.00026007343031091693] | train loss 25.273
| epoch 11 | step 9000 | min/b  0.70 | lr [1.9366082632337222e-05, 6.45536087744574e-05, 0.0002582144350978296] | train loss 22.818
| epoch 11 | step 9100 | min/b  0.72 | lr [1.922665799135567e-05, 6.408885997118557e-05, 0.0002563554398847423] | train loss 25.469
-----------------------------------------------------------------------------------------
| epoch  11 | time: 32.61s | dev_result:{'dev_F1': 59.54185686167763, 'dev_F1_ign': 57.458838142619825, 'dev_re_p': 61.263357462943816, 'dev_re_r': 57.914460285132385, 'dev_average_loss': 0.2376830251607484}
-----------------------------------------------------------------------------------------
| epoch  11 | best_f1:0.5954185686167763
| epoch 12 | step 9200 | min/b  0.30 | lr [1.9087233350374124e-05, 6.362411116791374e-05, 0.00025449644467165496] | train loss 26.769
| epoch 12 | step 9300 | min/b  0.71 | lr [1.8947808709392574e-05, 6.315936236464191e-05, 0.00025263744945856764] | train loss 20.568
| epoch 12 | step 9400 | min/b  0.70 | lr [1.8808384068411027e-05, 6.269461356137008e-05, 0.0002507784542454803] | train loss 22.002
| epoch 12 | step 9500 | min/b  0.69 | lr [1.8668959427429476e-05, 6.222986475809825e-05, 0.000248919459032393] | train loss 19.332
| epoch 12 | step 9600 | min/b  0.65 | lr [1.8529534786447925e-05, 6.176511595482642e-05, 0.00024706046381930567] | train loss 22.740
| epoch 12 | step 9700 | min/b  0.67 | lr [1.8390110145466375e-05, 6.130036715155459e-05, 0.00024520146860621835] | train loss 19.126
| epoch 12 | step 9800 | min/b  0.66 | lr [1.8250685504484824e-05, 6.083561834828275e-05, 0.000243342473393131] | train loss 20.738
| epoch 12 | step 9900 | min/b  0.68 | lr [1.8111260863503277e-05, 6.037086954501092e-05, 0.00024148347818004368] | train loss 18.241
-----------------------------------------------------------------------------------------
| epoch  12 | time: 31.05s | dev_result:{'dev_F1': 59.65676229508197, 'dev_F1_ign': 57.645104857985885, 'dev_re_p': 62.669297694860525, 'dev_re_r': 56.92057026476578, 'dev_average_loss': 0.2472660929591718}
-----------------------------------------------------------------------------------------
| epoch  12 | best_f1:0.5965676229508197
| epoch 13 | step 10000 | min/b  0.56 | lr [1.7971836222521726e-05, 5.990612074173909e-05, 0.00023962448296695635] | train loss 17.511
| epoch 13 | step 10100 | min/b  0.65 | lr [1.783241158154018e-05, 5.944137193846726e-05, 0.00023776548775386903] | train loss 15.935
| epoch 13 | step 10200 | min/b  0.65 | lr [1.769298694055863e-05, 5.897662313519543e-05, 0.0002359064925407817] | train loss 14.899
| epoch 13 | step 10300 | min/b  0.67 | lr [1.7553562299577078e-05, 5.85118743319236e-05, 0.0002340474973276944] | train loss 16.532
| epoch 13 | step 10400 | min/b  0.68 | lr [1.741413765859553e-05, 5.804712552865177e-05, 0.0002321885021146071] | train loss 14.732
| epoch 13 | step 10500 | min/b  0.65 | lr [1.727471301761398e-05, 5.758237672537994e-05, 0.00023032950690151977] | train loss 16.724
| epoch 13 | step 10600 | min/b  0.65 | lr [1.7135288376632433e-05, 5.711762792210811e-05, 0.00022847051168843244] | train loss 17.263
-----------------------------------------------------------------------------------------
| epoch  13 | time: 31.12s | dev_result:{'dev_F1': 60.30810115018892, 'dev_F1_ign': 58.27051631701197, 'dev_re_p': 61.50067750677507, 'dev_re_r': 59.16089613034623, 'dev_average_loss': 0.26233487720330634}
-----------------------------------------------------------------------------------------
| epoch  13 | best_f1:0.6030810115018892
| epoch 14 | step 10700 | min/b  0.12 | lr [1.699586373565088e-05, 5.6652879118836266e-05, 0.00022661151647534507] | train loss 14.888
| epoch 14 | step 10800 | min/b  0.68 | lr [1.685643909466933e-05, 5.6188130315564436e-05, 0.00022475252126225774] | train loss 14.638
| epoch 14 | step 10900 | min/b  0.68 | lr [1.671701445368778e-05, 5.5723381512292605e-05, 0.00022289352604917042] | train loss 12.830
| epoch 14 | step 11000 | min/b  0.70 | lr [1.657758981270623e-05, 5.5258632709020774e-05, 0.0002210345308360831] | train loss 12.710
| epoch 14 | step 11100 | min/b  0.67 | lr [1.6438165171724684e-05, 5.479388390574894e-05, 0.00021917553562299577] | train loss 11.044
| epoch 14 | step 11200 | min/b  0.68 | lr [1.6298740530743133e-05, 5.432913510247711e-05, 0.00021731654040990845] | train loss 12.547
| epoch 14 | step 11300 | min/b  0.70 | lr [1.6159315889761586e-05, 5.386438629920528e-05, 0.00021545754519682113] | train loss 14.249
| epoch 14 | step 11400 | min/b  0.66 | lr [1.6019891248780035e-05, 5.339963749593345e-05, 0.0002135985499837338] | train loss 14.541
-----------------------------------------------------------------------------------------
| epoch  14 | time: 33.91s | dev_result:{'dev_F1': 60.511567148455605, 'dev_F1_ign': 58.48310506135837, 'dev_re_p': 62.674581005586596, 'dev_re_r': 58.49287169042769, 'dev_average_loss': 0.2735725730090199}
-----------------------------------------------------------------------------------------
| epoch  14 | best_f1:0.605115671484556
| epoch 15 | step 11500 | min/b  0.38 | lr [1.5880466607798485e-05, 5.293488869266162e-05, 0.00021173955477064648] | train loss 12.177
| epoch 15 | step 11600 | min/b  0.70 | lr [1.5741041966816938e-05, 5.247013988938979e-05, 0.00020988055955755916] | train loss 11.016
| epoch 15 | step 11700 | min/b  0.69 | lr [1.5601617325835387e-05, 5.200539108611796e-05, 0.00020802156434447184] | train loss 9.551
| epoch 15 | step 11800 | min/b  0.69 | lr [1.5462192684853836e-05, 5.154064228284612e-05, 0.00020616256913138449] | train loss 9.570
| epoch 15 | step 11900 | min/b  0.71 | lr [1.5322768043872286e-05, 5.107589347957429e-05, 0.00020430357391829716] | train loss 10.209
| epoch 15 | step 12000 | min/b  0.70 | lr [1.5183343402890737e-05, 5.061114467630246e-05, 0.00020244457870520984] | train loss 10.508
| epoch 15 | step 12100 | min/b  0.69 | lr [1.5043918761909188e-05, 5.014639587303063e-05, 0.00020058558349212252] | train loss 9.452
| epoch 15 | step 12200 | min/b  0.70 | lr [1.490449412092764e-05, 4.96816470697588e-05, 0.0001987265882790352] | train loss 9.852
-----------------------------------------------------------------------------------------
| epoch  15 | time: 32.12s | dev_result:{'dev_F1': 60.44789125130707, 'dev_F1_ign': 58.601491503869774, 'dev_re_p': 64.97143392338673, 'dev_re_r': 56.5132382892057, 'dev_average_loss': 0.28157115492499424}
-----------------------------------------------------------------------------------------
| epoch 16 | step 12300 | min/b  0.61 | lr [1.476506947994609e-05, 4.921689826648697e-05, 0.00019686759306594787] | train loss 8.453
| epoch 16 | step 12400 | min/b  0.67 | lr [1.462564483896454e-05, 4.875214946321514e-05, 0.00019500859785286055] | train loss 9.076
| epoch 16 | step 12500 | min/b  0.66 | lr [1.448622019798299e-05, 4.8287400659943306e-05, 0.00019314960263977322] | train loss 7.148
| epoch 16 | step 12600 | min/b  0.67 | lr [1.434679555700144e-05, 4.782265185667147e-05, 0.00019129060742668587] | train loss 7.764
| epoch 16 | step 12700 | min/b  0.67 | lr [1.4207370916019891e-05, 4.735790305339964e-05, 0.00018943161221359855] | train loss 6.724
| epoch 16 | step 12800 | min/b  0.68 | lr [1.4067946275038342e-05, 4.689315425012781e-05, 0.00018757261700051123] | train loss 7.607
| epoch 16 | step 12900 | min/b  0.65 | lr [1.3928521634056794e-05, 4.6428405446855976e-05, 0.0001857136217874239] | train loss 8.332
-----------------------------------------------------------------------------------------
| epoch  16 | time: 30.94s | dev_result:{'dev_F1': 60.219394471259335, 'dev_F1_ign': 58.40125941791092, 'dev_re_p': 65.25915359010936, 'dev_re_r': 55.902240325865584, 'dev_average_loss': 0.28900221115601565}
-----------------------------------------------------------------------------------------
| epoch 17 | step 13000 | min/b  0.21 | lr [1.3789096993075243e-05, 4.5963656643584146e-05, 0.00018385462657433658] | train loss 8.427
| epoch 17 | step 13100 | min/b  0.67 | lr [1.3649672352093694e-05, 4.5498907840312315e-05, 0.00018199563136124926] | train loss 7.678
| epoch 17 | step 13200 | min/b  0.68 | lr [1.3510247711112144e-05, 4.503415903704048e-05, 0.0001801366361481619] | train loss 6.448
| epoch 17 | step 13300 | min/b  0.67 | lr [1.3370823070130595e-05, 4.456941023376865e-05, 0.0001782776409350746] | train loss 5.412
| epoch 17 | step 13400 | min/b  0.65 | lr [1.3231398429149046e-05, 4.4104661430496816e-05, 0.00017641864572198726] | train loss 6.119
| epoch 17 | step 13500 | min/b  0.68 | lr [1.3091973788167497e-05, 4.3639912627224985e-05, 0.00017455965050889994] | train loss 6.537
| epoch 17 | step 13600 | min/b  0.66 | lr [1.2952549147185946e-05, 4.3175163823953154e-05, 0.00017270065529581262] | train loss 6.402
| epoch 17 | step 13700 | min/b  0.67 | lr [1.2813124506204396e-05, 4.2710415020681324e-05, 0.0001708416600827253] | train loss 5.841
-----------------------------------------------------------------------------------------
| epoch  17 | time: 32.32s | dev_result:{'dev_F1': 60.65839652829526, 'dev_F1_ign': 58.851419267522886, 'dev_re_p': 65.65762004175365, 'dev_re_r': 56.366598778004075, 'dev_average_loss': 0.3039736902352445}
-----------------------------------------------------------------------------------------
| epoch  17 | best_f1:0.6065839652829527
| epoch 18 | step 13800 | min/b  0.44 | lr [1.2673699865222847e-05, 4.224566621740949e-05, 0.00016898266486963797] | train loss 6.021
| epoch 18 | step 13900 | min/b  0.68 | lr [1.2534275224241298e-05, 4.178091741413766e-05, 0.00016712366965655065] | train loss 5.125
| epoch 18 | step 14000 | min/b  0.66 | lr [1.2394850583259749e-05, 4.131616861086583e-05, 0.00016526467444346333] | train loss 4.331
| epoch 18 | step 14100 | min/b  0.68 | lr [1.22554259422782e-05, 4.0851419807594e-05, 0.000163405679230376] | train loss 5.839
| epoch 18 | step 14200 | min/b  0.67 | lr [1.211600130129665e-05, 4.038667100432217e-05, 0.00016154668401728868] | train loss 5.191
| epoch 18 | step 14300 | min/b  0.67 | lr [1.1976576660315099e-05, 3.992192220105033e-05, 0.00015968768880420133] | train loss 5.271
| epoch 18 | step 14400 | min/b  0.69 | lr [1.183715201933355e-05, 3.94571733977785e-05, 0.000157828693591114] | train loss 4.002
-----------------------------------------------------------------------------------------
| epoch  18 | time: 31.48s | dev_result:{'dev_F1': 61.24004743350838, 'dev_F1_ign': 59.27969744146424, 'dev_re_p': 63.77348504895475, 'dev_re_r': 58.90020366598778, 'dev_average_loss': 0.3062468846748492}
-----------------------------------------------------------------------------------------
| epoch  18 | best_f1:0.6124004743350838
| epoch 19 | step 14500 | min/b  0.02 | lr [1.1697727378352001e-05, 3.899242459450667e-05, 0.00015596969837802668] | train loss 4.515
| epoch 19 | step 14600 | min/b  0.68 | lr [1.1558302737370452e-05, 3.852767579123484e-05, 0.00015411070316493936] | train loss 3.949
| epoch 19 | step 14700 | min/b  0.66 | lr [1.1418878096388904e-05, 3.806292698796301e-05, 0.00015225170795185204] | train loss 3.229
| epoch 19 | step 14800 | min/b  0.70 | lr [1.1279453455407351e-05, 3.759817818469117e-05, 0.0001503927127387647] | train loss 3.836
| epoch 19 | step 14900 | min/b  0.68 | lr [1.1140028814425802e-05, 3.713342938141934e-05, 0.00014853371752567737] | train loss 3.772
| epoch 19 | step 15000 | min/b  0.68 | lr [1.1000604173444254e-05, 3.666868057814751e-05, 0.00014667472231259004] | train loss 4.191
| epoch 19 | step 15100 | min/b  0.68 | lr [1.0861179532462705e-05, 3.620393177487568e-05, 0.00014481572709950272] | train loss 3.965
| epoch 19 | step 15200 | min/b  0.67 | lr [1.0721754891481156e-05, 3.573918297160385e-05, 0.0001429567318864154] | train loss 3.876
-----------------------------------------------------------------------------------------
| epoch  19 | time: 31.17s | dev_result:{'dev_F1': 61.136935476992626, 'dev_F1_ign': 59.21576874267801, 'dev_re_p': 64.14891712904958, 'dev_re_r': 58.39511201629328, 'dev_average_loss': 0.3202240781668193}
-----------------------------------------------------------------------------------------
| epoch 20 | step 15300 | min/b  0.27 | lr [1.0582330250499605e-05, 3.527443416833202e-05, 0.00014109773667332807] | train loss 3.189
| epoch 20 | step 15400 | min/b  0.69 | lr [1.0442905609518055e-05, 3.480968536506019e-05, 0.00013923874146024075] | train loss 2.113
| epoch 20 | step 15500 | min/b  0.68 | lr [1.0303480968536506e-05, 3.434493656178836e-05, 0.00013737974624715343] | train loss 2.460
| epoch 20 | step 15600 | min/b  0.68 | lr [1.0164056327554957e-05, 3.3880187758516526e-05, 0.0001355207510340661] | train loss 2.535
| epoch 20 | step 15700 | min/b  0.68 | lr [1.0024631686573408e-05, 3.3415438955244695e-05, 0.00013366175582097878] | train loss 2.505
| epoch 20 | step 15800 | min/b  0.69 | lr [9.885207045591859e-06, 3.2950690151972865e-05, 0.00013180276060789146] | train loss 3.040
| epoch 20 | step 15900 | min/b  0.66 | lr [9.745782404610308e-06, 3.248594134870103e-05, 0.0001299437653948041] | train loss 3.816
| epoch 20 | step 16000 | min/b  0.67 | lr [9.606357763628758e-06, 3.2021192545429196e-05, 0.00012808477018171679] | train loss 4.071
-----------------------------------------------------------------------------------------
| epoch  20 | time: 30.95s | dev_result:{'dev_F1': 60.84529157761591, 'dev_F1_ign': 59.015480380800554, 'dev_re_p': 65.48066090874953, 'dev_re_r': 56.82281059063137, 'dev_average_loss': 0.32277261509834404}
-----------------------------------------------------------------------------------------
| epoch 21 | step 16100 | min/b  0.53 | lr [9.466933122647209e-06, 3.1556443742157366e-05, 0.00012622577496862946] | train loss 2.686
| epoch 21 | step 16200 | min/b  0.69 | lr [9.32750848166566e-06, 3.1091694938885535e-05, 0.00012436677975554214] | train loss 2.793
| epoch 21 | step 16300 | min/b  0.65 | lr [9.188083840684111e-06, 3.0626946135613704e-05, 0.00012250778454245482] | train loss 2.935
| epoch 21 | step 16400 | min/b  0.69 | lr [9.04865919970256e-06, 3.0162197332341867e-05, 0.00012064878932936747] | train loss 1.963
| epoch 21 | step 16500 | min/b  0.67 | lr [8.909234558721012e-06, 2.969744852907004e-05, 0.00011878979411628016] | train loss 2.339
| epoch 21 | step 16600 | min/b  0.68 | lr [8.769809917739461e-06, 2.923269972579821e-05, 0.00011693079890319283] | train loss 2.552
| epoch 21 | step 16700 | min/b  0.66 | lr [8.630385276757912e-06, 2.8767950922526378e-05, 0.00011507180369010551] | train loss 2.136
-----------------------------------------------------------------------------------------
| epoch  21 | time: 31.08s | dev_result:{'dev_F1': 61.58273381294964, 'dev_F1_ign': 59.6478537808664, 'dev_re_p': 64.07749889916336, 'dev_re_r': 59.27494908350306, 'dev_average_loss': 0.3367330134213568}
-----------------------------------------------------------------------------------------
| epoch  21 | best_f1:0.6158273381294964
| epoch 22 | step 16800 | min/b  0.09 | lr [8.490960635776363e-06, 2.8303202119254547e-05, 0.00011321280847701819] | train loss 2.547
| epoch 22 | step 16900 | min/b  0.66 | lr [8.351535994794815e-06, 2.7838453315982716e-05, 0.00011135381326393087] | train loss 2.168
| epoch 22 | step 17000 | min/b  0.67 | lr [8.212111353813264e-06, 2.737370451271088e-05, 0.00010949481805084352] | train loss 1.470
| epoch 22 | step 17100 | min/b  0.67 | lr [8.072686712831715e-06, 2.6908955709439048e-05, 0.00010763582283775619] | train loss 1.740
| epoch 22 | step 17200 | min/b  0.68 | lr [7.933262071850165e-06, 2.6444206906167217e-05, 0.00010577682762466887] | train loss 1.838
| epoch 22 | step 17300 | min/b  0.68 | lr [7.793837430868616e-06, 2.5979458102895387e-05, 0.00010391783241158155] | train loss 1.659
| epoch 22 | step 17400 | min/b  0.69 | lr [7.654412789887067e-06, 2.5514709299623556e-05, 0.00010205883719849422] | train loss 2.144
| epoch 22 | step 17500 | min/b  0.71 | lr [7.514988148905516e-06, 2.504996049635172e-05, 0.00010019984198540689] | train loss 1.793
-----------------------------------------------------------------------------------------
| epoch  22 | time: 32.46s | dev_result:{'dev_F1': 61.37489325362938, 'dev_F1_ign': 59.439508964107944, 'dev_re_p': 64.48631673396142, 'dev_re_r': 58.549898167006106, 'dev_average_loss': 0.3377802810876188}
-----------------------------------------------------------------------------------------
| epoch 23 | step 17600 | min/b  0.36 | lr [7.375563507923967e-06, 2.458521169307989e-05, 9.834084677231956e-05] | train loss 1.955
| epoch 23 | step 17700 | min/b  0.66 | lr [7.2361388669424176e-06, 2.412046288980806e-05, 9.648185155923224e-05] | train loss 1.163
| epoch 23 | step 17800 | min/b  0.70 | lr [7.096714225960869e-06, 2.365571408653623e-05, 9.462285634614492e-05] | train loss 1.408
| epoch 23 | step 17900 | min/b  0.70 | lr [6.957289584979319e-06, 2.3190965283264395e-05, 9.276386113305758e-05] | train loss 1.105
| epoch 23 | step 18000 | min/b  0.72 | lr [6.817864943997769e-06, 2.2726216479992565e-05, 9.090486591997026e-05] | train loss 1.273
| epoch 23 | step 18100 | min/b  0.72 | lr [6.67844030301622e-06, 2.2261467676720734e-05, 8.904587070688294e-05] | train loss 1.764
| epoch 23 | step 18200 | min/b  0.66 | lr [6.539015662034671e-06, 2.17967188734489e-05, 8.71868754937956e-05] | train loss 1.292
| epoch 23 | step 18300 | min/b  0.65 | lr [6.399591021053121e-06, 2.1331970070177072e-05, 8.532788028070829e-05] | train loss 1.140
-----------------------------------------------------------------------------------------
| epoch  23 | time: 32.37s | dev_result:{'dev_F1': 61.745717482999055, 'dev_F1_ign': 59.88820301828285, 'dev_re_p': 65.4530522857925, 'dev_re_r': 58.43584521384929, 'dev_average_loss': 0.35007758404245837}
-----------------------------------------------------------------------------------------
| epoch  23 | best_f1:0.6174571748299905
| epoch 24 | step 18400 | min/b  0.57 | lr [6.260166380071571e-06, 2.0867221266905238e-05, 8.346888506762095e-05] | train loss 1.300
| epoch 24 | step 18500 | min/b  0.69 | lr [6.120741739090022e-06, 2.0402472463633407e-05, 8.160988985453363e-05] | train loss 1.397
| epoch 24 | step 18600 | min/b  0.66 | lr [5.9813170981084725e-06, 1.9937723660361577e-05, 7.975089464144631e-05] | train loss 0.797
| epoch 24 | step 18700 | min/b  0.67 | lr [5.841892457126923e-06, 1.9472974857089743e-05, 7.789189942835897e-05] | train loss 0.803
| epoch 24 | step 18800 | min/b  0.65 | lr [5.702467816145374e-06, 1.9008226053817912e-05, 7.603290421527165e-05] | train loss 0.767
| epoch 24 | step 18900 | min/b  0.65 | lr [5.563043175163824e-06, 1.854347725054608e-05, 7.417390900218432e-05] | train loss 0.672
| epoch 24 | step 19000 | min/b  0.65 | lr [5.4236185341822744e-06, 1.8078728447274247e-05, 7.231491378909699e-05] | train loss 0.815
-----------------------------------------------------------------------------------------
| epoch  24 | time: 30.37s | dev_result:{'dev_F1': 61.92758709235642, 'dev_F1_ign': 60.020710278078205, 'dev_re_p': 65.23307186006672, 'dev_re_r': 58.94093686354379, 'dev_average_loss': 0.3578883118270514}
-----------------------------------------------------------------------------------------
| epoch  24 | best_f1:0.6192758709235642
| epoch 25 | step 19100 | min/b  0.17 | lr [5.2841938932007256e-06, 1.7613979644002416e-05, 7.045591857600967e-05] | train loss 0.615
| epoch 25 | step 19200 | min/b  0.66 | lr [5.144769252219175e-06, 1.7149230840730586e-05, 6.859692336292234e-05] | train loss 0.604
| epoch 25 | step 19300 | min/b  0.67 | lr [5.005344611237626e-06, 1.6684482037458755e-05, 6.673792814983502e-05] | train loss 0.430
| epoch 25 | step 19400 | min/b  0.63 | lr [4.865919970256077e-06, 1.6219733234186924e-05, 6.48789329367477e-05] | train loss 0.697
| epoch 25 | step 19500 | min/b  0.66 | lr [4.726495329274527e-06, 1.575498443091509e-05, 6.301993772366036e-05] | train loss 0.554
| epoch 25 | step 19600 | min/b  0.67 | lr [4.587070688292978e-06, 1.529023562764326e-05, 6.116094251057304e-05] | train loss 0.610
| epoch 25 | step 19700 | min/b  0.68 | lr [4.447646047311429e-06, 1.4825486824371428e-05, 5.9301947297485714e-05] | train loss 0.615
| epoch 25 | step 19800 | min/b  0.69 | lr [4.308221406329878e-06, 1.4360738021099596e-05, 5.7442952084398384e-05] | train loss 0.554
-----------------------------------------------------------------------------------------
| epoch  25 | time: 29.95s | dev_result:{'dev_F1': 61.723359944463716, 'dev_F1_ign': 59.889232022197234, 'dev_re_p': 66.02617655249234, 'dev_re_r': 57.94704684317718, 'dev_average_loss': 0.36170067424645164}
-----------------------------------------------------------------------------------------
| epoch 26 | step 19900 | min/b  0.40 | lr [4.168796765348329e-06, 1.3895989217827765e-05, 5.558395687131106e-05] | train loss 0.502
| epoch 26 | step 20000 | min/b  0.67 | lr [4.0293721243667805e-06, 1.3431240414555935e-05, 5.372496165822374e-05] | train loss 0.696
| epoch 26 | step 20100 | min/b  0.66 | lr [3.88994748338523e-06, 1.29664916112841e-05, 5.18659664451364e-05] | train loss 0.491
| epoch 26 | step 20200 | min/b  0.66 | lr [3.750522842403681e-06, 1.2501742808012271e-05, 5.0006971232049085e-05] | train loss 0.505
| epoch 26 | step 20300 | min/b  0.66 | lr [3.6110982014221313e-06, 1.2036994004740439e-05, 4.8147976018961756e-05] | train loss 0.358
| epoch 26 | step 20400 | min/b  0.68 | lr [3.471673560440582e-06, 1.1572245201468606e-05, 4.6288980805874426e-05] | train loss 0.475
| epoch 26 | step 20500 | min/b  0.67 | lr [3.3322489194590323e-06, 1.1107496398196774e-05, 4.4429985592787096e-05] | train loss 0.428
| epoch 26 | step 20600 | min/b  0.66 | lr [3.192824278477483e-06, 1.0642747594924945e-05, 4.257099037969978e-05] | train loss 0.505
-----------------------------------------------------------------------------------------
| epoch  26 | time: 30.27s | dev_result:{'dev_F1': 61.7675145411928, 'dev_F1_ign': 59.954293383238465, 'dev_re_p': 66.10610424602807, 'dev_re_r': 57.96334012219959, 'dev_average_loss': 0.36935158287415765}
-----------------------------------------------------------------------------------------
| epoch 27 | step 20700 | min/b  0.68 | lr [3.0533996374959337e-06, 1.0177998791653113e-05, 4.071199516661245e-05] | train loss 0.304
| epoch 27 | step 20800 | min/b  0.66 | lr [2.913974996514384e-06, 9.71324998838128e-06, 3.885299995352512e-05] | train loss 0.442
| epoch 27 | step 20900 | min/b  0.65 | lr [2.7745503555328342e-06, 9.248501185109448e-06, 3.699400474043779e-05] | train loss 0.344
| epoch 27 | step 21000 | min/b  0.64 | lr [2.6351257145512853e-06, 8.783752381837617e-06, 3.513500952735047e-05] | train loss 0.320
| epoch 27 | step 21100 | min/b  0.63 | lr [2.4957010735697356e-06, 8.319003578565786e-06, 3.3276014314263145e-05] | train loss 0.264
| epoch 27 | step 21200 | min/b  0.67 | lr [2.3562764325881863e-06, 7.854254775293954e-06, 3.1417019101175815e-05] | train loss 0.438
| epoch 27 | step 21300 | min/b  0.67 | lr [2.2168517916066366e-06, 7.389505972022122e-06, 2.955802388808849e-05] | train loss 0.285
-----------------------------------------------------------------------------------------
| epoch  27 | time: 30.29s | dev_result:{'dev_F1': 61.71468543697809, 'dev_F1_ign': 59.92258573942786, 'dev_re_p': 66.5974712209851, 'dev_re_r': 57.4989816700611, 'dev_average_loss': 0.37134496976653175}
-----------------------------------------------------------------------------------------
| epoch 28 | step 21400 | min/b  0.24 | lr [2.0774271506250873e-06, 6.9247571687502914e-06, 2.7699028675001166e-05] | train loss 0.366
| epoch 28 | step 21500 | min/b  0.66 | lr [1.938002509643538e-06, 6.460008365478459e-06, 2.5840033461913836e-05] | train loss 0.248
| epoch 28 | step 21600 | min/b  0.66 | lr [1.7985778686619882e-06, 5.995259562206627e-06, 2.398103824882651e-05] | train loss 0.247
| epoch 28 | step 21700 | min/b  0.67 | lr [1.6591532276804387e-06, 5.530510758934796e-06, 2.2122043035739183e-05] | train loss 0.308
| epoch 28 | step 21800 | min/b  0.65 | lr [1.5197285866988892e-06, 5.065761955662964e-06, 2.0263047822651857e-05] | train loss 0.278
| epoch 28 | step 21900 | min/b  0.67 | lr [1.3803039457173399e-06, 4.601013152391133e-06, 1.840405260956453e-05] | train loss 0.282
| epoch 28 | step 22000 | min/b  0.64 | lr [1.2408793047357904e-06, 4.136264349119301e-06, 1.6545057396477204e-05] | train loss 0.279
| epoch 28 | step 22100 | min/b  0.66 | lr [1.1014546637542408e-06, 3.67151554584747e-06, 1.468606218338988e-05] | train loss 0.213
-----------------------------------------------------------------------------------------
| epoch  28 | time: 30.81s | dev_result:{'dev_F1': 62.00277922529095, 'dev_F1_ign': 60.196263245185676, 'dev_re_p': 66.39077466753464, 'dev_re_r': 58.15885947046843, 'dev_average_loss': 0.37452383999356287}
-----------------------------------------------------------------------------------------
| epoch  28 | best_f1:0.6200277922529095
| epoch 29 | step 22200 | min/b  0.51 | lr [9.620300227726913e-07, 3.206766742575638e-06, 1.2827066970302552e-05] | train loss 0.190
| epoch 29 | step 22300 | min/b  0.66 | lr [8.226053817911419e-07, 2.7420179393038063e-06, 1.0968071757215225e-05] | train loss 0.184
| epoch 29 | step 22400 | min/b  0.66 | lr [6.831807408095924e-07, 2.2772691360319747e-06, 9.109076544127899e-06] | train loss 0.173
| epoch 29 | step 22500 | min/b  0.66 | lr [5.43756099828043e-07, 1.8125203327601433e-06, 7.250081331040573e-06] | train loss 0.214
| epoch 29 | step 22600 | min/b  0.65 | lr [4.0433145884649346e-07, 1.3477715294883117e-06, 5.391086117953247e-06] | train loss 0.235
| epoch 29 | step 22700 | min/b  0.66 | lr [2.64906817864944e-07, 8.8302272621648e-07, 3.53209090486592e-06] | train loss 0.204
| epoch 29 | step 22800 | min/b  0.66 | lr [1.2548217688339452e-07, 4.182739229446484e-07, 1.6730956917785936e-06] | train loss 0.170
-----------------------------------------------------------------------------------------
| epoch  29 | time: 30.06s | dev_result:{'dev_F1': 62.00174064403831, 'dev_F1_ign': 60.20690194442461, 'dev_re_p': 66.54834189631013, 'dev_re_r': 58.03665987780041, 'dev_average_loss': 0.3761705209562678}
-----------------------------------------------------------------------------------------
