| epoch  0 | step  100 | min/b  0.43 | lr [1.4563106796116506e-06, 4.854368932038835e-06, 1.941747572815534e-05] | train loss 4822.796
| epoch  0 | step  200 | min/b  0.45 | lr [2.912621359223301e-06, 9.70873786407767e-06, 3.883495145631068e-05] | train loss 812.332
| epoch  0 | step  300 | min/b  0.44 | lr [4.368932038834951e-06, 1.4563106796116505e-05, 5.825242718446602e-05] | train loss 348.135
| epoch  0 | step  400 | min/b  0.43 | lr [5.825242718446602e-06, 1.941747572815534e-05, 7.766990291262136e-05] | train loss 334.597
| epoch  0 | step  500 | min/b  0.45 | lr [7.281553398058253e-06, 2.4271844660194176e-05, 9.70873786407767e-05] | train loss 266.903
| epoch  0 | step  600 | min/b  0.43 | lr [8.737864077669902e-06, 2.912621359223301e-05, 0.00011650485436893204] | train loss 260.441
| epoch  0 | step  700 | min/b  0.43 | lr [1.0194174757281553e-05, 3.398058252427185e-05, 0.0001359223300970874] | train loss 225.291
-----------------------------------------------------------------------------------------
| epoch   0 | time: 17.91s | dev_result:{'dev_F1': 37.47645951035782, 'dev_F1_ign': 36.43806326264853, 'dev_re_p': 52.360765969887446, 'dev_re_r': 29.181262729124235, 'dev_average_loss': 0.20743213590979576}
-----------------------------------------------------------------------------------------
| epoch   0 | best_f1:0.3747645951035782
| epoch  1 | step  800 | min/b  0.16 | lr [1.1650485436893204e-05, 3.883495145631068e-05, 0.0001553398058252427] | train loss 205.264
| epoch  1 | step  900 | min/b  0.44 | lr [1.3106796116504854e-05, 4.368932038834951e-05, 0.00017475728155339805] | train loss 195.910
| epoch  1 | step 1000 | min/b  0.44 | lr [1.4563106796116505e-05, 4.854368932038835e-05, 0.0001941747572815534] | train loss 191.360
| epoch  1 | step 1100 | min/b  0.43 | lr [1.6019417475728155e-05, 5.339805825242719e-05, 0.00021359223300970875] | train loss 181.349
| epoch  1 | step 1200 | min/b  0.44 | lr [1.7475728155339804e-05, 5.825242718446602e-05, 0.00023300970873786408] | train loss 173.153
| epoch  1 | step 1300 | min/b  0.45 | lr [1.8932038834951457e-05, 6.310679611650486e-05, 0.00025242718446601945] | train loss 190.787
| epoch  1 | step 1400 | min/b  0.42 | lr [2.0388349514563107e-05, 6.79611650485437e-05, 0.0002718446601941748] | train loss 176.214
| epoch  1 | step 1500 | min/b  0.44 | lr [2.184466019417476e-05, 7.281553398058253e-05, 0.0002912621359223301] | train loss 176.089
-----------------------------------------------------------------------------------------
| epoch   1 | time: 18.01s | dev_result:{'dev_F1': 45.96579206590848, 'dev_F1_ign': 44.21059157088919, 'dev_re_p': 51.02892931702952, 'dev_re_r': 41.81670061099796, 'dev_average_loss': 0.17448045065999032}
-----------------------------------------------------------------------------------------
| epoch   1 | best_f1:0.4596579206590848
| epoch  2 | step 1600 | min/b  0.32 | lr [2.330097087378641e-05, 7.766990291262136e-05, 0.0003106796116504854] | train loss 159.242
| epoch  2 | step 1700 | min/b  0.42 | lr [2.475728155339806e-05, 8.25242718446602e-05, 0.0003300970873786408] | train loss 156.740
| epoch  2 | step 1800 | min/b  0.42 | lr [2.6213592233009708e-05, 8.737864077669902e-05, 0.0003495145631067961] | train loss 161.132
| epoch  2 | step 1900 | min/b  0.44 | lr [2.766990291262136e-05, 9.223300970873788e-05, 0.0003689320388349515] | train loss 154.538
| epoch  2 | step 2000 | min/b  0.45 | lr [2.912621359223301e-05, 9.70873786407767e-05, 0.0003883495145631068] | train loss 155.226
| epoch  2 | step 2100 | min/b  0.43 | lr [2.9942390782525207e-05, 9.980796927508402e-05, 0.0003992318771003361] | train loss 161.474
| epoch  2 | step 2200 | min/b  0.43 | lr [2.9798367738838212e-05, 9.932789246279405e-05, 0.0003973115698511762] | train loss 150.521
-----------------------------------------------------------------------------------------
| epoch   2 | time: 17.94s | dev_result:{'dev_F1': 49.87194021077382, 'dev_F1_ign': 47.83309092108661, 'dev_re_p': 51.45555363022007, 'dev_re_r': 48.382892057026474, 'dev_average_loss': 0.16239451211690903}
-----------------------------------------------------------------------------------------
| epoch   2 | best_f1:0.4987194021077382
| epoch  3 | step 2300 | min/b  0.05 | lr [2.9654344695151224e-05, 9.884781565050409e-05, 0.00039539126260201634] | train loss 160.297
| epoch  3 | step 2400 | min/b  0.42 | lr [2.9510321651464236e-05, 9.836773883821412e-05, 0.0003934709553528565] | train loss 136.018
| epoch  3 | step 2500 | min/b  0.44 | lr [2.9366298607777244e-05, 9.788766202592416e-05, 0.00039155064810369664] | train loss 134.474
| epoch  3 | step 2600 | min/b  0.43 | lr [2.9222275564090256e-05, 9.74075852136342e-05, 0.0003896303408545368] | train loss 128.544
| epoch  3 | step 2700 | min/b  0.43 | lr [2.9078252520403268e-05, 9.692750840134422e-05, 0.0003877100336053769] | train loss 130.807
| epoch  3 | step 2800 | min/b  0.44 | lr [2.8934229476716273e-05, 9.644743158905424e-05, 0.00038578972635621697] | train loss 126.440
| epoch  3 | step 2900 | min/b  0.42 | lr [2.8790206433029284e-05, 9.596735477676428e-05, 0.0003838694191070571] | train loss 131.548
| epoch  3 | step 3000 | min/b  0.43 | lr [2.8646183389342296e-05, 9.548727796447432e-05, 0.00038194911185789726] | train loss 137.001
-----------------------------------------------------------------------------------------
| epoch   3 | time: 17.76s | dev_result:{'dev_F1': 54.5578231292517, 'dev_F1_ign': 51.97495093248858, 'dev_re_p': 50.88473739866056, 'dev_re_r': 58.80244399185336, 'dev_average_loss': 0.15938272976875306}
-----------------------------------------------------------------------------------------
| epoch   3 | best_f1:0.545578231292517
| epoch  4 | step 3100 | min/b  0.21 | lr [2.8502160345655305e-05, 9.500720115218435e-05, 0.0003800288046087374] | train loss 115.711
| epoch  4 | step 3200 | min/b  0.44 | lr [2.8358137301968316e-05, 9.452712433989439e-05, 0.00037810849735957756] | train loss 108.110
| epoch  4 | step 3300 | min/b  0.44 | lr [2.8214114258281328e-05, 9.404704752760443e-05, 0.0003761881901104177] | train loss 101.719
| epoch  4 | step 3400 | min/b  0.46 | lr [2.8070091214594333e-05, 9.356697071531445e-05, 0.0003742678828612578] | train loss 113.513
| epoch  4 | step 3500 | min/b  0.43 | lr [2.7926068170907345e-05, 9.308689390302449e-05, 0.00037234757561209795] | train loss 113.176
| epoch  4 | step 3600 | min/b  0.43 | lr [2.7782045127220357e-05, 9.260681709073452e-05, 0.0003704272683629381] | train loss 106.068
| epoch  4 | step 3700 | min/b  0.44 | lr [2.7638022083533365e-05, 9.212674027844456e-05, 0.00036850696111377824] | train loss 105.572
| epoch  4 | step 3800 | min/b  0.44 | lr [2.7493999039846377e-05, 9.16466634661546e-05, 0.0003665866538646184] | train loss 105.054
-----------------------------------------------------------------------------------------
| epoch   4 | time: 17.71s | dev_result:{'dev_F1': 55.03190772523684, 'dev_F1_ign': 52.744145398006296, 'dev_re_p': 53.58962482630848, 'dev_re_r': 56.55397148676171, 'dev_average_loss': 0.15897529530525206}
-----------------------------------------------------------------------------------------
| epoch   4 | best_f1:0.5503190772523684
| epoch  5 | step 3900 | min/b  0.36 | lr [2.734997599615939e-05, 9.116658665386462e-05, 0.0003646663466154585] | train loss 92.548
| epoch  5 | step 4000 | min/b  0.44 | lr [2.7205952952472393e-05, 9.068650984157466e-05, 0.00036274603936629863] | train loss 90.148
| epoch  5 | step 4100 | min/b  0.43 | lr [2.7061929908785405e-05, 9.020643302928468e-05, 0.0003608257321171387] | train loss 94.544
| epoch  5 | step 4200 | min/b  0.43 | lr [2.6917906865098417e-05, 8.972635621699472e-05, 0.00035890542486797887] | train loss 87.682
| epoch  5 | step 4300 | min/b  0.43 | lr [2.6773883821411425e-05, 8.924627940470476e-05, 0.000356985117618819] | train loss 78.332
| epoch  5 | step 4400 | min/b  0.42 | lr [2.6629860777724437e-05, 8.876620259241479e-05, 0.00035506481036965917] | train loss 90.363
| epoch  5 | step 4500 | min/b  0.43 | lr [2.648583773403745e-05, 8.828612578012483e-05, 0.0003531445031204993] | train loss 99.615
-----------------------------------------------------------------------------------------
| epoch   5 | time: 18.08s | dev_result:{'dev_F1': 55.93976827014111, 'dev_F1_ign': 54.27730658821375, 'dev_re_p': 62.62870987280436, 'dev_re_r': 50.5417515274949, 'dev_average_loss': 0.15847501707077027}
-----------------------------------------------------------------------------------------
| epoch   5 | best_f1:0.5593976827014111
| epoch  6 | step 4600 | min/b  0.09 | lr [2.6341814690350457e-05, 8.780604896783485e-05, 0.0003512241958713394] | train loss 85.059
| epoch  6 | step 4700 | min/b  0.43 | lr [2.6197791646663465e-05, 8.732597215554489e-05, 0.00034930388862217956] | train loss 74.255
| epoch  6 | step 4800 | min/b  0.44 | lr [2.6053768602976477e-05, 8.684589534325493e-05, 0.0003473835813730197] | train loss 70.540
| epoch  6 | step 4900 | min/b  0.44 | lr [2.590974555928949e-05, 8.636581853096496e-05, 0.00034546327412385985] | train loss 76.435
| epoch  6 | step 5000 | min/b  0.43 | lr [2.5765722515602497e-05, 8.5885741718675e-05, 0.0003435429668747] | train loss 72.628
| epoch  6 | step 5100 | min/b  0.42 | lr [2.562169947191551e-05, 8.540566490638504e-05, 0.00034162265962554015] | train loss 76.520
| epoch  6 | step 5200 | min/b  0.44 | lr [2.5477676428228517e-05, 8.492558809409506e-05, 0.00033970235237638024] | train loss 78.119
| epoch  6 | step 5300 | min/b  0.44 | lr [2.5333653384541526e-05, 8.444551128180508e-05, 0.00033778204512722033] | train loss 72.703
-----------------------------------------------------------------------------------------
| epoch   6 | time: 19.06s | dev_result:{'dev_F1': 55.60071840438605, 'dev_F1_ign': 54.19920105366259, 'dev_re_p': 66.21636834402793, 'dev_re_r': 47.91853360488798, 'dev_average_loss': 0.1648526168614626}
-----------------------------------------------------------------------------------------
| epoch  7 | step 5400 | min/b  0.26 | lr [2.5189630340854537e-05, 8.396543446951512e-05, 0.0003358617378780605] | train loss 68.996
| epoch  7 | step 5500 | min/b  0.42 | lr [2.504560729716755e-05, 8.348535765722516e-05, 0.00033394143062890063] | train loss 65.590
| epoch  7 | step 5600 | min/b  0.44 | lr [2.4901584253480557e-05, 8.30052808449352e-05, 0.0003320211233797408] | train loss 60.975
| epoch  7 | step 5700 | min/b  0.45 | lr [2.475756120979357e-05, 8.252520403264523e-05, 0.0003301008161305809] | train loss 60.251
| epoch  7 | step 5800 | min/b  0.44 | lr [2.4613538166106578e-05, 8.204512722035525e-05, 0.000328180508881421] | train loss 61.875
| epoch  7 | step 5900 | min/b  0.42 | lr [2.4469515122419586e-05, 8.156505040806529e-05, 0.00032626020163226116] | train loss 63.979
| epoch  7 | step 6000 | min/b  0.43 | lr [2.4325492078732598e-05, 8.108497359577533e-05, 0.0003243398943831013] | train loss 63.283
| epoch  7 | step 6100 | min/b  0.44 | lr [2.418146903504561e-05, 8.060489678348536e-05, 0.00032241958713394146] | train loss 62.751
-----------------------------------------------------------------------------------------
| epoch   7 | time: 17.77s | dev_result:{'dev_F1': 57.203406459715076, 'dev_F1_ign': 54.84162449975213, 'dev_re_p': 55.18703619566864, 'dev_re_r': 59.37270875763747, 'dev_average_loss': 0.17243191158771515}
-----------------------------------------------------------------------------------------
| epoch   7 | best_f1:0.5720340645971508
| epoch  8 | step 6200 | min/b  0.40 | lr [2.4037445991358618e-05, 8.01248199711954e-05, 0.0003204992798847816] | train loss 59.796
| epoch  8 | step 6300 | min/b  0.44 | lr [2.389342294767163e-05, 7.964474315890544e-05, 0.00031857897263562175] | train loss 48.622
| epoch  8 | step 6400 | min/b  0.43 | lr [2.3749399903984638e-05, 7.916466634661546e-05, 0.00031665866538646185] | train loss 51.038
| epoch  8 | step 6500 | min/b  0.45 | lr [2.3605376860297646e-05, 7.86845895343255e-05, 0.000314738358137302] | train loss 51.374
| epoch  8 | step 6600 | min/b  0.44 | lr [2.3461353816610658e-05, 7.820451272203552e-05, 0.0003128180508881421] | train loss 50.363
| epoch  8 | step 6700 | min/b  0.42 | lr [2.331733077292367e-05, 7.772443590974556e-05, 0.00031089774363898224] | train loss 51.743
| epoch  8 | step 6800 | min/b  0.44 | lr [2.3173307729236678e-05, 7.72443590974556e-05, 0.0003089774363898224] | train loss 50.660
-----------------------------------------------------------------------------------------
| epoch   8 | time: 18.05s | dev_result:{'dev_F1': 57.01275045537341, 'dev_F1_ign': 54.67543455039097, 'dev_re_p': 55.46652284459511, 'dev_re_r': 58.647657841140536, 'dev_average_loss': 0.18382955378293991}
-----------------------------------------------------------------------------------------
| epoch  9 | step 6900 | min/b  0.14 | lr [2.302928468554969e-05, 7.676428228516563e-05, 0.00030705712914066253] | train loss 51.883
| epoch  9 | step 7000 | min/b  0.44 | lr [2.2885261641862698e-05, 7.628420547287566e-05, 0.0003051368218915026] | train loss 46.656
| epoch  9 | step 7100 | min/b  0.45 | lr [2.2741238598175706e-05, 7.580412866058569e-05, 0.00030321651464234277] | train loss 40.776
| epoch  9 | step 7200 | min/b  0.43 | lr [2.2597215554488718e-05, 7.532405184829573e-05, 0.0003012962073931829] | train loss 44.882
| epoch  9 | step 7300 | min/b  0.42 | lr [2.245319251080173e-05, 7.484397503600577e-05, 0.00029937590014402307] | train loss 44.770
| epoch  9 | step 7400 | min/b  0.44 | lr [2.230916946711474e-05, 7.43638982237158e-05, 0.0002974555928948632] | train loss 39.311
| epoch  9 | step 7500 | min/b  0.42 | lr [2.216514642342775e-05, 7.388382141142584e-05, 0.00029553528564570336] | train loss 46.096
| epoch  9 | step 7600 | min/b  0.44 | lr [2.2021123379740762e-05, 7.340374459913588e-05, 0.0002936149783965435] | train loss 45.832
-----------------------------------------------------------------------------------------
| epoch   9 | time: 18.75s | dev_result:{'dev_F1': 57.574184618046544, 'dev_F1_ign': 55.746177978662914, 'dev_re_p': 61.37600295121276, 'dev_re_r': 54.215885947046836, 'dev_average_loss': 0.18969588837027548}
-----------------------------------------------------------------------------------------
| epoch   9 | best_f1:0.5757418461804654
| epoch 10 | step 7700 | min/b  0.31 | lr [2.1877100336053767e-05, 7.29236677868459e-05, 0.0002916946711473836] | train loss 37.239
| epoch 10 | step 7800 | min/b  0.44 | lr [2.173307729236678e-05, 7.244359097455592e-05, 0.0002897743638982237] | train loss 34.385
| epoch 10 | step 7900 | min/b  0.44 | lr [2.158905424867979e-05, 7.196351416226596e-05, 0.00028785405664906384] | train loss 35.861
| epoch 10 | step 8000 | min/b  0.42 | lr [2.14450312049928e-05, 7.1483437349976e-05, 0.000285933749399904] | train loss 39.963
| epoch 10 | step 8100 | min/b  0.45 | lr [2.130100816130581e-05, 7.100336053768603e-05, 0.00028401344215074414] | train loss 34.128
| epoch 10 | step 8200 | min/b  0.43 | lr [2.1156985117618822e-05, 7.052328372539607e-05, 0.0002820931349015843] | train loss 41.452
| epoch 10 | step 8300 | min/b  0.42 | lr [2.1012962073931827e-05, 7.00432069131061e-05, 0.0002801728276524244] | train loss 37.863
-----------------------------------------------------------------------------------------
| epoch  10 | time: 18.26s | dev_result:{'dev_F1': 57.628434628822845, 'dev_F1_ign': 55.59900337097233, 'dev_re_p': 61.23945727906124, 'dev_re_r': 54.419551934826885, 'dev_average_loss': 0.20502934709191323}
-----------------------------------------------------------------------------------------
| epoch  10 | best_f1:0.5762843462882284
| epoch 11 | step 8400 | min/b  0.03 | lr [2.086893903024484e-05, 6.956313010081613e-05, 0.0002782525204032645] | train loss 35.413
| epoch 11 | step 8500 | min/b  0.43 | lr [2.072491598655785e-05, 6.908305328852617e-05, 0.0002763322131541047] | train loss 28.746
| epoch 11 | step 8600 | min/b  0.43 | lr [2.058089294287086e-05, 6.86029764762362e-05, 0.0002744119059049448] | train loss 29.098
| epoch 11 | step 8700 | min/b  0.42 | lr [2.043686989918387e-05, 6.812289966394624e-05, 0.00027249159865578497] | train loss 29.106
| epoch 11 | step 8800 | min/b  0.43 | lr [2.0292846855496882e-05, 6.764282285165628e-05, 0.0002705712914066251] | train loss 29.791
| epoch 11 | step 8900 | min/b  0.43 | lr [2.0148823811809887e-05, 6.71627460393663e-05, 0.0002686509841574652] | train loss 31.807
| epoch 11 | step 9000 | min/b  0.44 | lr [2.00048007681229e-05, 6.668266922707634e-05, 0.00026673067690830536] | train loss 33.019
| epoch 11 | step 9100 | min/b  0.45 | lr [1.986077772443591e-05, 6.620259241478636e-05, 0.00026481036965914545] | train loss 32.235
-----------------------------------------------------------------------------------------
| epoch  11 | time: 18.09s | dev_result:{'dev_F1': 58.19070904645477, 'dev_F1_ign': 55.781042883290056, 'dev_re_p': 55.566261488289356, 'dev_re_r': 61.07535641547861, 'dev_average_loss': 0.21514130941033363}
-----------------------------------------------------------------------------------------
| epoch  11 | best_f1:0.5819070904645477
| epoch 12 | step 9200 | min/b  0.20 | lr [1.971675468074892e-05, 6.57225156024964e-05, 0.0002628900624099856] | train loss 28.337
| epoch 12 | step 9300 | min/b  0.42 | lr [1.957273163706193e-05, 6.524243879020644e-05, 0.00026096975516082575] | train loss 25.886
| epoch 12 | step 9400 | min/b  0.45 | lr [1.9428708593374943e-05, 6.476236197791647e-05, 0.0002590494479116659] | train loss 22.928
| epoch 12 | step 9500 | min/b  0.43 | lr [1.9284685549687948e-05, 6.42822851656265e-05, 0.000257129140662506] | train loss 26.314
| epoch 12 | step 9600 | min/b  0.43 | lr [1.914066250600096e-05, 6.380220835333653e-05, 0.00025520883341334613] | train loss 27.237
| epoch 12 | step 9700 | min/b  0.43 | lr [1.899663946231397e-05, 6.332213154104657e-05, 0.0002532885261641863] | train loss 27.649
| epoch 12 | step 9800 | min/b  0.45 | lr [1.885261641862698e-05, 6.284205472875661e-05, 0.00025136821891502643] | train loss 25.860
| epoch 12 | step 9900 | min/b  0.43 | lr [1.870859337493999e-05, 6.236197791646664e-05, 0.0002494479116658666] | train loss 22.925
-----------------------------------------------------------------------------------------
| epoch  12 | time: 17.74s | dev_result:{'dev_F1': 59.03498089278965, 'dev_F1_ign': 57.01894302103836, 'dev_re_p': 60.9204368174727, 'dev_re_r': 57.26272912423626, 'dev_average_loss': 0.22656151163578034}
-----------------------------------------------------------------------------------------
| epoch  12 | best_f1:0.5903498089278965
| epoch 13 | step 10000 | min/b  0.35 | lr [1.8564570331253003e-05, 6.188190110417668e-05, 0.0002475276044167067] | train loss 22.497
| epoch 13 | step 10100 | min/b  0.43 | lr [1.842054728756601e-05, 6.14018242918867e-05, 0.0002456072971675468] | train loss 20.241
| epoch 13 | step 10200 | min/b  0.44 | lr [1.827652424387902e-05, 6.0921747479596735e-05, 0.00024368698991838694] | train loss 19.406
| epoch 13 | step 10300 | min/b  0.44 | lr [1.813250120019203e-05, 6.044167066730677e-05, 0.00024176668266922709] | train loss 23.569
| epoch 13 | step 10400 | min/b  0.43 | lr [1.7988478156505043e-05, 5.996159385501681e-05, 0.00023984637542006723] | train loss 20.461
| epoch 13 | step 10500 | min/b  0.44 | lr [1.784445511281805e-05, 5.9481517042726845e-05, 0.00023792606817090738] | train loss 22.620
| epoch 13 | step 10600 | min/b  0.42 | lr [1.7700432069131063e-05, 5.9001440230436875e-05, 0.0002360057609217475] | train loss 22.521
-----------------------------------------------------------------------------------------
| epoch  13 | time: 18.57s | dev_result:{'dev_F1': 58.72025474418005, 'dev_F1_ign': 56.81229227454588, 'dev_re_p': 62.230937614009484, 'dev_re_r': 55.58452138492872, 'dev_average_loss': 0.22848126512765884}
-----------------------------------------------------------------------------------------
| epoch 14 | step 10700 | min/b  0.08 | lr [1.755640902544407e-05, 5.85213634181469e-05, 0.0002340854536725876] | train loss 19.282
| epoch 14 | step 10800 | min/b  0.42 | lr [1.741238598175708e-05, 5.8041286605856935e-05, 0.00023216514642342774] | train loss 17.758
| epoch 14 | step 10900 | min/b  0.43 | lr [1.7268362938070092e-05, 5.756120979356697e-05, 0.0002302448391742679] | train loss 18.629
| epoch 14 | step 11000 | min/b  0.44 | lr [1.7124339894383103e-05, 5.708113298127701e-05, 0.00022832453192510804] | train loss 19.760
| epoch 14 | step 11100 | min/b  0.43 | lr [1.6980316850696112e-05, 5.6601056168987046e-05, 0.00022640422467594818] | train loss 18.082
| epoch 14 | step 11200 | min/b  0.44 | lr [1.6836293807009124e-05, 5.6120979356697076e-05, 0.0002244839174267883] | train loss 16.513
| epoch 14 | step 11300 | min/b  0.44 | lr [1.6692270763322132e-05, 5.5640902544407106e-05, 0.00022256361017762843] | train loss 17.920
| epoch 14 | step 11400 | min/b  0.43 | lr [1.654824771963514e-05, 5.5160825732117136e-05, 0.00022064330292846855] | train loss 18.239
-----------------------------------------------------------------------------------------
| epoch  14 | time: 18.54s | dev_result:{'dev_F1': 58.876026099768474, 'dev_F1_ign': 56.795292461243974, 'dev_re_p': 60.91463414634146, 'dev_re_r': 56.969450101833, 'dev_average_loss': 0.24673365014791487}
-----------------------------------------------------------------------------------------
| epoch 15 | step 11500 | min/b  0.27 | lr [1.6404224675948152e-05, 5.468074891982717e-05, 0.0002187229956793087] | train loss 16.151
| epoch 15 | step 11600 | min/b  0.44 | lr [1.6260201632261164e-05, 5.420067210753721e-05, 0.00021680268843014884] | train loss 13.813
| epoch 15 | step 11700 | min/b  0.42 | lr [1.6116178588574172e-05, 5.372059529524725e-05, 0.000214882381180989] | train loss 14.646
| epoch 15 | step 11800 | min/b  0.44 | lr [1.5972155544887184e-05, 5.324051848295728e-05, 0.0002129620739318291] | train loss 13.479
| epoch 15 | step 11900 | min/b  0.43 | lr [1.5828132501200192e-05, 5.276044167066731e-05, 0.00021104176668266923] | train loss 15.841
| epoch 15 | step 12000 | min/b  0.44 | lr [1.56841094575132e-05, 5.228036485837734e-05, 0.00020912145943350935] | train loss 17.599
| epoch 15 | step 12100 | min/b  0.46 | lr [1.5540086413826212e-05, 5.1800288046087374e-05, 0.0002072011521843495] | train loss 13.665
| epoch 15 | step 12200 | min/b  0.42 | lr [1.5396063370139224e-05, 5.132021123379741e-05, 0.00020528084493518964] | train loss 15.535
-----------------------------------------------------------------------------------------
| epoch  15 | time: 18.65s | dev_result:{'dev_F1': 58.831802763299414, 'dev_F1_ign': 56.67734795972036, 'dev_re_p': 59.76132448104883, 'dev_re_r': 57.93075356415479, 'dev_average_loss': 0.25697091810405254}
-----------------------------------------------------------------------------------------
| epoch 16 | step 12300 | min/b  0.40 | lr [1.5252040326452234e-05, 5.084013442150745e-05, 0.0002033605376860298] | train loss 12.234
| epoch 16 | step 12400 | min/b  0.43 | lr [1.5108017282765244e-05, 5.036005760921748e-05, 0.0002014402304368699] | train loss 12.928
| epoch 16 | step 12500 | min/b  0.43 | lr [1.4963994239078252e-05, 4.987998079692751e-05, 0.00019951992318771003] | train loss 13.647
| epoch 16 | step 12600 | min/b  0.43 | lr [1.4819971195391264e-05, 4.9399903984637545e-05, 0.00019759961593855018] | train loss 13.539
| epoch 16 | step 12700 | min/b  0.43 | lr [1.4675948151704273e-05, 4.8919827172347575e-05, 0.0001956793086893903] | train loss 12.369
| epoch 16 | step 12800 | min/b  0.44 | lr [1.4531925108017283e-05, 4.843975036005761e-05, 0.00019375900144023045] | train loss 13.084
| epoch 16 | step 12900 | min/b  0.44 | lr [1.4387902064330294e-05, 4.795967354776765e-05, 0.0001918386941910706] | train loss 12.028
-----------------------------------------------------------------------------------------
| epoch  16 | time: 19.55s | dev_result:{'dev_F1': 58.99811360301823, 'dev_F1_ign': 56.9327206493538, 'dev_re_p': 60.76856649395509, 'dev_re_r': 57.32790224032587, 'dev_average_loss': 0.2659295072555542}
-----------------------------------------------------------------------------------------
| epoch 17 | step 13000 | min/b  0.14 | lr [1.4243879020643303e-05, 4.747959673547768e-05, 0.00018991838694191072] | train loss 12.004
| epoch 17 | step 13100 | min/b  0.43 | lr [1.4099855976956313e-05, 4.6999519923187716e-05, 0.00018799807969275086] | train loss 11.104
| epoch 17 | step 13200 | min/b  0.43 | lr [1.3955832933269324e-05, 4.6519443110897746e-05, 0.00018607777244359098] | train loss 10.399
| epoch 17 | step 13300 | min/b  0.43 | lr [1.3811809889582333e-05, 4.6039366298607776e-05, 0.0001841574651944311] | train loss 11.241
| epoch 17 | step 13400 | min/b  0.43 | lr [1.3667786845895343e-05, 4.555928948631781e-05, 0.00018223715794527125] | train loss 8.890
| epoch 17 | step 13500 | min/b  0.44 | lr [1.3523763802208355e-05, 4.507921267402785e-05, 0.0001803168506961114] | train loss 10.763
| epoch 17 | step 13600 | min/b  0.43 | lr [1.3379740758521363e-05, 4.459913586173788e-05, 0.00017839654344695152] | train loss 10.641
| epoch 17 | step 13700 | min/b  0.42 | lr [1.3235717714834373e-05, 4.411905904944792e-05, 0.00017647623619779167] | train loss 9.991
-----------------------------------------------------------------------------------------
| epoch  17 | time: 21.43s | dev_result:{'dev_F1': 58.63975207303793, 'dev_F1_ign': 56.61032306970058, 'dev_re_p': 60.33784366112213, 'dev_re_r': 57.03462321792261, 'dev_average_loss': 0.27745197114348413}
-----------------------------------------------------------------------------------------
| epoch 18 | step 13800 | min/b  0.29 | lr [1.3091694671147385e-05, 4.363898223715795e-05, 0.0001745559289486318] | train loss 10.082
| epoch 18 | step 13900 | min/b  0.42 | lr [1.2947671627460393e-05, 4.315890542486798e-05, 0.0001726356216994719] | train loss 7.675
| epoch 18 | step 14000 | min/b  0.42 | lr [1.2803648583773405e-05, 4.2678828612578014e-05, 0.00017071531445031206] | train loss 7.423
| epoch 18 | step 14100 | min/b  0.44 | lr [1.2659625540086415e-05, 4.219875180028805e-05, 0.0001687950072011522] | train loss 8.356
| epoch 18 | step 14200 | min/b  0.45 | lr [1.2515602496399423e-05, 4.171867498799808e-05, 0.00016687469995199232] | train loss 8.652
| epoch 18 | step 14300 | min/b  0.44 | lr [1.2371579452712435e-05, 4.123859817570812e-05, 0.00016495439270283247] | train loss 8.716
| epoch 18 | step 14400 | min/b  0.43 | lr [1.2227556409025445e-05, 4.075852136341815e-05, 0.0001630340854536726] | train loss 9.241
-----------------------------------------------------------------------------------------
| epoch  18 | time: 21.83s | dev_result:{'dev_F1': 58.67482161060143, 'dev_F1_ign': 56.502696982980396, 'dev_re_p': 58.734693877551024, 'dev_re_r': 58.61507128309572, 'dev_average_loss': 0.29357181271910665}
-----------------------------------------------------------------------------------------
| epoch 19 | step 14500 | min/b  0.01 | lr [1.2083533365338453e-05, 4.027844455112818e-05, 0.0001611137782045127] | train loss 10.387
| epoch 19 | step 14600 | min/b  0.41 | lr [1.1939510321651465e-05, 3.9798367738838215e-05, 0.00015919347095535286] | train loss 7.233
| epoch 19 | step 14700 | min/b  0.42 | lr [1.1795487277964475e-05, 3.931829092654825e-05, 0.000157273163706193] | train loss 8.481
| epoch 19 | step 14800 | min/b  0.43 | lr [1.1651464234277484e-05, 3.883821411425828e-05, 0.00015535285645703313] | train loss 7.790
| epoch 19 | step 14900 | min/b  0.45 | lr [1.1507441190590495e-05, 3.835813730196832e-05, 0.00015343254920787328] | train loss 7.345
| epoch 19 | step 15000 | min/b  0.42 | lr [1.1363418146903505e-05, 3.787806048967835e-05, 0.0001515122419587134] | train loss 7.975
| epoch 19 | step 15100 | min/b  0.44 | lr [1.1219395103216514e-05, 3.739798367738838e-05, 0.00014959193470955352] | train loss 7.236
| epoch 19 | step 15200 | min/b  0.44 | lr [1.1075372059529525e-05, 3.6917906865098416e-05, 0.00014767162746039366] | train loss 6.427
-----------------------------------------------------------------------------------------
| epoch  19 | time: 24.16s | dev_result:{'dev_F1': 58.92887600204675, 'dev_F1_ign': 56.962411472338815, 'dev_re_p': 61.82338731323254, 'dev_re_r': 56.29327902240326, 'dev_average_loss': 0.2906622056365013}
-----------------------------------------------------------------------------------------
| epoch 20 | step 15300 | min/b  0.18 | lr [1.0931349015842536e-05, 3.643783005280845e-05, 0.0001457513202112338] | train loss 6.554
| epoch 20 | step 15400 | min/b  0.44 | lr [1.0787325972155544e-05, 3.595775324051848e-05, 0.00014383101296207393] | train loss 5.868
| epoch 20 | step 15500 | min/b  0.42 | lr [1.0643302928468556e-05, 3.547767642822852e-05, 0.00014191070571291408] | train loss 6.141
| epoch 20 | step 15600 | min/b  0.44 | lr [1.0499279884781566e-05, 3.499759961593856e-05, 0.00013999039846375423] | train loss 6.121
| epoch 20 | step 15700 | min/b  0.43 | lr [1.0355256841094574e-05, 3.451752280364858e-05, 0.00013807009121459432] | train loss 5.809
| epoch 20 | step 15800 | min/b  0.42 | lr [1.0211233797407586e-05, 3.403744599135862e-05, 0.00013614978396543447] | train loss 6.066
| epoch 20 | step 15900 | min/b  0.43 | lr [1.0067210753720596e-05, 3.3557369179068654e-05, 0.00013422947671627462] | train loss 5.611
| epoch 20 | step 16000 | min/b  0.43 | lr [9.923187710033604e-06, 3.3077292366778684e-05, 0.00013230916946711474] | train loss 5.542
-----------------------------------------------------------------------------------------
| epoch  20 | time: 23.65s | dev_result:{'dev_F1': 59.0648144090451, 'dev_F1_ign': 57.20998720809758, 'dev_re_p': 63.91312594840668, 'dev_re_r': 54.90020366598778, 'dev_average_loss': 0.3069517303109169}
-----------------------------------------------------------------------------------------
| epoch  20 | best_f1:0.590648144090451
| epoch 21 | step 16100 | min/b  0.33 | lr [9.779164666346616e-06, 3.259721555448872e-05, 0.00013038886221795488] | train loss 5.210
| epoch 21 | step 16200 | min/b  0.43 | lr [9.635141622659626e-06, 3.211713874219876e-05, 0.00012846855496879503] | train loss 5.380
| epoch 21 | step 16300 | min/b  0.44 | lr [9.491118578972634e-06, 3.163706192990879e-05, 0.00012654824771963515] | train loss 4.304
| epoch 21 | step 16400 | min/b  0.43 | lr [9.347095535285646e-06, 3.115698511761882e-05, 0.00012462794047047527] | train loss 4.842
| epoch 21 | step 16500 | min/b  0.45 | lr [9.203072491598656e-06, 3.0676908305328855e-05, 0.00012270763322131542] | train loss 5.115
| epoch 21 | step 16600 | min/b  0.43 | lr [9.059049447911666e-06, 3.0196831493038885e-05, 0.00012078732597215554] | train loss 5.201
| epoch 21 | step 16700 | min/b  0.44 | lr [8.915026404224676e-06, 2.9716754680748922e-05, 0.00011886701872299569] | train loss 3.987
-----------------------------------------------------------------------------------------
| epoch  21 | time: 25.26s | dev_result:{'dev_F1': 59.313975208014945, 'dev_F1_ign': 57.304195456982555, 'dev_re_p': 61.92713411931566, 'dev_re_r': 56.91242362525458, 'dev_average_loss': 0.3084496552348137}
-----------------------------------------------------------------------------------------
| epoch  21 | best_f1:0.5931397520801495
| epoch 22 | step 16800 | min/b  0.06 | lr [8.771003360537686e-06, 2.9236677868458955e-05, 0.00011694671147383582] | train loss 4.165
| epoch 22 | step 16900 | min/b  0.43 | lr [8.626980316850696e-06, 2.8756601056168985e-05, 0.00011502640422467594] | train loss 3.969
| epoch 22 | step 17000 | min/b  0.46 | lr [8.482957273163706e-06, 2.8276524243879022e-05, 0.00011310609697551609] | train loss 4.811
| epoch 22 | step 17100 | min/b  0.42 | lr [8.338934229476716e-06, 2.7796447431589056e-05, 0.00011118578972635622] | train loss 3.713
| epoch 22 | step 17200 | min/b  0.43 | lr [8.194911185789726e-06, 2.7316370619299086e-05, 0.00010926548247719634] | train loss 3.438
| epoch 22 | step 17300 | min/b  0.44 | lr [8.050888142102736e-06, 2.6836293807009123e-05, 0.00010734517522803649] | train loss 3.677
| epoch 22 | step 17400 | min/b  0.43 | lr [7.906865098415747e-06, 2.6356216994719156e-05, 0.00010542486797887662] | train loss 4.087
| epoch 22 | step 17500 | min/b  0.41 | lr [7.762842054728757e-06, 2.5876140182429186e-05, 0.00010350456072971675] | train loss 4.453
-----------------------------------------------------------------------------------------
| epoch  22 | time: 17.76s | dev_result:{'dev_F1': 58.9230195249347, 'dev_F1_ign': 56.72813601531289, 'dev_re_p': 59.984807562457796, 'dev_re_r': 57.89816700610998, 'dev_average_loss': 0.3253876824080944}
-----------------------------------------------------------------------------------------
| epoch 23 | step 17600 | min/b  0.21 | lr [7.618819011041767e-06, 2.5396063370139223e-05, 0.00010158425348055689] | train loss 3.909
| epoch 23 | step 17700 | min/b  0.44 | lr [7.4747959673547775e-06, 2.4915986557849257e-05, 9.966394623139703e-05] | train loss 3.303
| epoch 23 | step 17800 | min/b  0.43 | lr [7.330772923667787e-06, 2.443590974555929e-05, 9.774363898223716e-05] | train loss 3.113
| epoch 23 | step 17900 | min/b  0.45 | lr [7.186749879980797e-06, 2.3955832933269324e-05, 9.58233317330773e-05] | train loss 4.274
| epoch 23 | step 18000 | min/b  0.43 | lr [7.042726836293808e-06, 2.3475756120979357e-05, 9.390302448391743e-05] | train loss 3.041
| epoch 23 | step 18100 | min/b  0.45 | lr [6.898703792606817e-06, 2.299567930868939e-05, 9.198271723475756e-05] | train loss 3.416
| epoch 23 | step 18200 | min/b  0.43 | lr [6.754680748919827e-06, 2.2515602496399424e-05, 9.00624099855977e-05] | train loss 3.180
| epoch 23 | step 18300 | min/b  0.43 | lr [6.610657705232838e-06, 2.2035525684109458e-05, 8.814210273643783e-05] | train loss 3.384
-----------------------------------------------------------------------------------------
| epoch  23 | time: 20.06s | dev_result:{'dev_F1': 59.20729870465207, 'dev_F1_ign': 57.343140111035595, 'dev_re_p': 62.75314723590586, 'dev_re_r': 56.040733197556, 'dev_average_loss': 0.3215857932269573}
-----------------------------------------------------------------------------------------
| epoch 24 | step 18400 | min/b  0.36 | lr [6.466634661545848e-06, 2.155544887181949e-05, 8.622179548727796e-05] | train loss 2.396
| epoch 24 | step 18500 | min/b  0.43 | lr [6.322611617858857e-06, 2.1075372059529525e-05, 8.43014882381181e-05] | train loss 3.016
| epoch 24 | step 18600 | min/b  0.44 | lr [6.178588574171868e-06, 2.059529524723956e-05, 8.238118098895825e-05] | train loss 2.283
| epoch 24 | step 18700 | min/b  0.43 | lr [6.034565530484878e-06, 2.011521843494959e-05, 8.046087373979837e-05] | train loss 2.704
| epoch 24 | step 18800 | min/b  0.44 | lr [5.890542486797887e-06, 1.9635141622659625e-05, 7.85405664906385e-05] | train loss 2.992
| epoch 24 | step 18900 | min/b  0.45 | lr [5.746519443110898e-06, 1.9155064810369662e-05, 7.662025924147865e-05] | train loss 2.895
| epoch 24 | step 19000 | min/b  0.42 | lr [5.602496399423908e-06, 1.8674987998079692e-05, 7.469995199231877e-05] | train loss 2.669
-----------------------------------------------------------------------------------------
| epoch  24 | time: 23.38s | dev_result:{'dev_F1': 59.464086978854546, 'dev_F1_ign': 57.49853311891463, 'dev_re_p': 62.64995039235141, 'dev_re_r': 56.58655804480651, 'dev_average_loss': 0.3338665058910847}
-----------------------------------------------------------------------------------------
| epoch  24 | best_f1:0.5946408697885455
| epoch 25 | step 19100 | min/b  0.11 | lr [5.458473355736917e-06, 1.8194911185789726e-05, 7.27796447431589e-05] | train loss 2.473
| epoch 25 | step 19200 | min/b  0.43 | lr [5.314450312049928e-06, 1.7714834373499762e-05, 7.085933749399905e-05] | train loss 2.604
| epoch 25 | step 19300 | min/b  0.43 | lr [5.170427268362938e-06, 1.7234757561209793e-05, 6.893903024483917e-05] | train loss 2.330
| epoch 25 | step 19400 | min/b  0.45 | lr [5.026404224675948e-06, 1.675468074891983e-05, 6.701872299567932e-05] | train loss 2.181
| epoch 25 | step 19500 | min/b  0.44 | lr [4.882381180988958e-06, 1.6274603936629863e-05, 6.509841574651945e-05] | train loss 2.244
| epoch 25 | step 19600 | min/b  0.43 | lr [4.738358137301968e-06, 1.5794527124339893e-05, 6.317810849735957e-05] | train loss 2.002
| epoch 25 | step 19700 | min/b  0.44 | lr [4.594335093614979e-06, 1.531445031204993e-05, 6.125780124819972e-05] | train loss 2.446
| epoch 25 | step 19800 | min/b  0.43 | lr [4.4503120499279885e-06, 1.4834373499759963e-05, 5.9337493999039854e-05] | train loss 2.255
-----------------------------------------------------------------------------------------
| epoch  25 | time: 20.28s | dev_result:{'dev_F1': 59.198504100973196, 'dev_F1_ign': 57.20597205105945, 'dev_re_p': 61.87810945273632, 'dev_re_r': 56.741344195519346, 'dev_average_loss': 0.3375938206613064}
-----------------------------------------------------------------------------------------
| epoch 26 | step 19900 | min/b  0.26 | lr [4.3062890062409986e-06, 1.4354296687469995e-05, 5.741718674987998e-05] | train loss 2.066
| epoch 26 | step 20000 | min/b  0.46 | lr [4.1622659625540094e-06, 1.387421987518003e-05, 5.549687950072012e-05] | train loss 2.187
| epoch 26 | step 20100 | min/b  0.44 | lr [4.018242918867019e-06, 1.3394143062890064e-05, 5.3576572251560255e-05] | train loss 1.873
| epoch 26 | step 20200 | min/b  0.41 | lr [3.874219875180029e-06, 1.2914066250600096e-05, 5.165626500240038e-05] | train loss 1.607
| epoch 26 | step 20300 | min/b  0.45 | lr [3.7301968314930387e-06, 1.2433989438310129e-05, 4.9735957753240517e-05] | train loss 1.883
| epoch 26 | step 20400 | min/b  0.44 | lr [3.5861737878060492e-06, 1.1953912626020164e-05, 4.781565050408066e-05] | train loss 2.158
| epoch 26 | step 20500 | min/b  0.43 | lr [3.4421507441190593e-06, 1.1473835813730198e-05, 4.589534325492079e-05] | train loss 2.030
| epoch 26 | step 20600 | min/b  0.43 | lr [3.298127700432069e-06, 1.0993759001440231e-05, 4.3975036005760925e-05] | train loss 1.725
-----------------------------------------------------------------------------------------
| epoch  26 | time: 18.74s | dev_result:{'dev_F1': 59.43493150684931, 'dev_F1_ign': 57.488131219942126, 'dev_re_p': 62.62516914749662, 'dev_re_r': 56.55397148676171, 'dev_average_loss': 0.3384818847477436}
-----------------------------------------------------------------------------------------
| epoch 27 | step 20700 | min/b  0.43 | lr [3.1541046567450794e-06, 1.0513682189150265e-05, 4.205472875660106e-05] | train loss 1.639
| epoch 27 | step 20800 | min/b  0.45 | lr [3.0100816130580894e-06, 1.0033605376860298e-05, 4.013442150744119e-05] | train loss 1.738
| epoch 27 | step 20900 | min/b  0.43 | lr [2.8660585693710995e-06, 9.553528564570332e-06, 3.821411425828133e-05] | train loss 1.448
| epoch 27 | step 21000 | min/b  0.42 | lr [2.7220355256841095e-06, 9.073451752280365e-06, 3.629380700912146e-05] | train loss 1.673
| epoch 27 | step 21100 | min/b  0.43 | lr [2.5780124819971196e-06, 8.593374939990399e-06, 3.4373499759961595e-05] | train loss 1.678
| epoch 27 | step 21200 | min/b  0.43 | lr [2.4339894383101296e-06, 8.113298127700432e-06, 3.245319251080173e-05] | train loss 1.402
| epoch 27 | step 21300 | min/b  0.43 | lr [2.2899663946231396e-06, 7.633221315410466e-06, 3.053288526164186e-05] | train loss 1.559
-----------------------------------------------------------------------------------------
| epoch  27 | time: 19.67s | dev_result:{'dev_F1': 59.68442323401694, 'dev_F1_ign': 57.766785649147614, 'dev_re_p': 63.19191551347414, 'dev_re_r': 56.545824847250515, 'dev_average_loss': 0.3417482485175133}
-----------------------------------------------------------------------------------------
| epoch  27 | best_f1:0.5968442323401694
| epoch 28 | step 21400 | min/b  0.17 | lr [2.14594335093615e-06, 7.1531445031205e-06, 2.8612578012482e-05] | train loss 1.331
| epoch 28 | step 21500 | min/b  0.44 | lr [2.0019203072491597e-06, 6.673067690830533e-06, 2.669227076332213e-05] | train loss 1.541
| epoch 28 | step 21600 | min/b  0.42 | lr [1.85789726356217e-06, 6.192990878540566e-06, 2.4771963514162265e-05] | train loss 1.158
| epoch 28 | step 21700 | min/b  0.42 | lr [1.71387421987518e-06, 5.712914066250601e-06, 2.2851656265002402e-05] | train loss 1.199
| epoch 28 | step 21800 | min/b  0.42 | lr [1.56985117618819e-06, 5.232837253960634e-06, 2.0931349015842536e-05] | train loss 1.256
| epoch 28 | step 21900 | min/b  0.44 | lr [1.4258281325012001e-06, 4.7527604416706676e-06, 1.901104176668267e-05] | train loss 1.308
| epoch 28 | step 22000 | min/b  0.44 | lr [1.2818050888142104e-06, 4.272683629380701e-06, 1.7090734517522804e-05] | train loss 1.268
| epoch 28 | step 22100 | min/b  0.43 | lr [1.1377820451272205e-06, 3.7926068170907346e-06, 1.5170427268362938e-05] | train loss 1.098
-----------------------------------------------------------------------------------------
| epoch  28 | time: 19.22s | dev_result:{'dev_F1': 59.69217614365113, 'dev_F1_ign': 57.74599164062406, 'dev_re_p': 62.807017543859644, 'dev_re_r': 56.871690427698574, 'dev_average_loss': 0.34664733189344404}
-----------------------------------------------------------------------------------------
| epoch  28 | best_f1:0.5969217614365113
| epoch 29 | step 22200 | min/b  0.32 | lr [9.937590014402305e-07, 3.3125300048007685e-06, 1.3250120019203074e-05] | train loss 0.999
| epoch 29 | step 22300 | min/b  0.43 | lr [8.497359577532405e-07, 2.832453192510802e-06, 1.1329812770043208e-05] | train loss 1.075
| epoch 29 | step 22400 | min/b  0.44 | lr [7.057129140662507e-07, 2.3523763802208355e-06, 9.409505520883342e-06] | train loss 1.459
| epoch 29 | step 22500 | min/b  0.43 | lr [5.616898703792606e-07, 1.872299567930869e-06, 7.489198271723476e-06] | train loss 1.105
| epoch 29 | step 22600 | min/b  0.43 | lr [4.1766682669227074e-07, 1.3922227556409027e-06, 5.568891022563611e-06] | train loss 1.061
| epoch 29 | step 22700 | min/b  0.44 | lr [2.736437830052809e-07, 9.121459433509363e-07, 3.648583773403745e-06] | train loss 1.168
| epoch 29 | step 22800 | min/b  0.43 | lr [1.2962073931829092e-07, 4.3206913106096975e-07, 1.728276524243879e-06] | train loss 1.042
-----------------------------------------------------------------------------------------
| epoch  29 | time: 19.81s | dev_result:{'dev_F1': 59.74802477044629, 'dev_F1_ign': 57.79750819074761, 'dev_re_p': 62.79174147217235, 'dev_re_r': 56.9857433808554, 'dev_average_loss': 0.34832413545250895}
-----------------------------------------------------------------------------------------
| epoch  29 | best_f1:0.597480247704463
