| epoch  0 | step  100 | min/b  0.43 | lr [2.622377622377622e-06, 8.741258741258741e-06, 2.622377622377622e-05] | train loss 4160.676
| epoch  0 | step  200 | min/b  0.44 | lr [5.244755244755244e-06, 1.7482517482517483e-05, 5.244755244755244e-05] | train loss 375.420
| epoch  0 | step  300 | min/b  0.43 | lr [7.867132867132867e-06, 2.6223776223776224e-05, 7.867132867132867e-05] | train loss 321.398
| epoch  0 | step  400 | min/b  0.42 | lr [1.0489510489510488e-05, 3.4965034965034965e-05, 0.00010489510489510488] | train loss 299.887
| epoch  0 | step  500 | min/b  0.44 | lr [1.3111888111888114e-05, 4.370629370629371e-05, 0.00013111888111888112] | train loss 239.257
| epoch  0 | step  600 | min/b  0.42 | lr [1.5734265734265734e-05, 5.244755244755245e-05, 0.00015734265734265734] | train loss 237.367
| epoch  0 | step  700 | min/b  0.42 | lr [1.8356643356643355e-05, 6.118881118881119e-05, 0.00018356643356643354] | train loss 207.064
-----------------------------------------------------------------------------------------
| epoch   0 | time: 19.44s | dev_result:{'dev_F1': 39.76999944174622, 'dev_F1_ign': 39.03640710377925, 'dev_re_p': 63.17843206810926, 'dev_re_r': 29.018329938900205, 'dev_average_loss': 0.1844786239862442}
-----------------------------------------------------------------------------------------
| epoch   0 | best_f1:0.39769999441746223
| epoch  1 | step  800 | min/b  0.17 | lr [2.0979020979020977e-05, 6.993006993006993e-05, 0.00020979020979020976] | train loss 191.485
| epoch  1 | step  900 | min/b  0.45 | lr [2.3601398601398602e-05, 7.867132867132867e-05, 0.000236013986013986] | train loss 185.751
| epoch  1 | step 1000 | min/b  0.44 | lr [2.6223776223776227e-05, 8.741258741258743e-05, 0.00026223776223776224] | train loss 182.583
| epoch  1 | step 1100 | min/b  0.42 | lr [2.884615384615385e-05, 9.615384615384617e-05, 0.00028846153846153843] | train loss 174.946
| epoch  1 | step 1200 | min/b  0.43 | lr [2.9922744412765567e-05, 9.974248137588522e-05, 0.0002992274441276556] | train loss 172.697
| epoch  1 | step 1300 | min/b  0.44 | lr [2.978478800698979e-05, 9.928262668996597e-05, 0.0002978478800698979] | train loss 186.047
| epoch  1 | step 1400 | min/b  0.42 | lr [2.964683160121402e-05, 9.882277200404673e-05, 0.00029646831601214016] | train loss 173.583
| epoch  1 | step 1500 | min/b  0.44 | lr [2.9508875195438243e-05, 9.836291731812748e-05, 0.0002950887519543824] | train loss 171.132
-----------------------------------------------------------------------------------------
| epoch   1 | time: 17.58s | dev_result:{'dev_F1': 45.4350579752509, 'dev_F1_ign': 44.07643756793558, 'dev_re_p': 56.51436189552781, 'dev_re_r': 37.9877800407332, 'dev_average_loss': 0.16617611083388328}
-----------------------------------------------------------------------------------------
| epoch   1 | best_f1:0.454350579752509
| epoch  2 | step 1600 | min/b  0.32 | lr [2.937091878966247e-05, 9.790306263220823e-05, 0.00029370918789662465] | train loss 149.336
| epoch  2 | step 1700 | min/b  0.42 | lr [2.923296238388669e-05, 9.744320794628897e-05, 0.0002923296238388669] | train loss 145.987
| epoch  2 | step 1800 | min/b  0.42 | lr [2.9095005978110915e-05, 9.698335326036973e-05, 0.00029095005978110915] | train loss 147.828
| epoch  2 | step 1900 | min/b  0.43 | lr [2.8957049572335143e-05, 9.652349857445048e-05, 0.0002895704957233514] | train loss 140.962
| epoch  2 | step 2000 | min/b  0.45 | lr [2.8819093166559367e-05, 9.606364388853123e-05, 0.00028819093166559365] | train loss 137.409
| epoch  2 | step 2100 | min/b  0.42 | lr [2.8681136760783594e-05, 9.560378920261198e-05, 0.0002868113676078359] | train loss 145.310
| epoch  2 | step 2200 | min/b  0.43 | lr [2.854318035500782e-05, 9.514393451669273e-05, 0.00028543180355007815] | train loss 136.734
-----------------------------------------------------------------------------------------
| epoch   2 | time: 17.24s | dev_result:{'dev_F1': 53.091569947544514, 'dev_F1_ign': 50.99874389486174, 'dev_re_p': 53.84550938337802, 'dev_re_r': 52.35845213849287, 'dev_average_loss': 0.156289736866951}
-----------------------------------------------------------------------------------------
| epoch   2 | best_f1:0.5309156994754451
| epoch  3 | step 2300 | min/b  0.05 | lr [2.8405223949232043e-05, 9.468407983077348e-05, 0.00028405223949232037] | train loss 146.231
| epoch  3 | step 2400 | min/b  0.42 | lr [2.8267267543456267e-05, 9.422422514485423e-05, 0.00028267267543456264] | train loss 119.046
| epoch  3 | step 2500 | min/b  0.43 | lr [2.8129311137680495e-05, 9.376437045893498e-05, 0.0002812931113768049] | train loss 117.783
| epoch  3 | step 2600 | min/b  0.43 | lr [2.799135473190472e-05, 9.330451577301573e-05, 0.00027991354731904714] | train loss 115.810
| epoch  3 | step 2700 | min/b  0.43 | lr [2.7853398326128946e-05, 9.284466108709649e-05, 0.0002785339832612894] | train loss 114.876
| epoch  3 | step 2800 | min/b  0.44 | lr [2.771544192035317e-05, 9.238480640117724e-05, 0.0002771544192035317] | train loss 113.016
| epoch  3 | step 2900 | min/b  0.43 | lr [2.757748551457739e-05, 9.192495171525798e-05, 0.0002757748551457739] | train loss 116.592
| epoch  3 | step 3000 | min/b  0.43 | lr [2.743952910880162e-05, 9.146509702933873e-05, 0.00027439529108801614] | train loss 124.847
-----------------------------------------------------------------------------------------
| epoch   3 | time: 17.46s | dev_result:{'dev_F1': 55.48402109835556, 'dev_F1_ign': 52.98942138767737, 'dev_re_p': 52.9498852616774, 'dev_re_r': 58.27291242362526, 'dev_average_loss': 0.15622293868660928}
-----------------------------------------------------------------------------------------
| epoch   3 | best_f1:0.5548402109835556
| epoch  4 | step 3100 | min/b  0.21 | lr [2.7301572703025843e-05, 9.100524234341949e-05, 0.0002730157270302584] | train loss 106.998
| epoch  4 | step 3200 | min/b  0.42 | lr [2.716361629725007e-05, 9.054538765750024e-05, 0.0002716361629725007] | train loss 95.790
| epoch  4 | step 3300 | min/b  0.43 | lr [2.7025659891474295e-05, 9.008553297158099e-05, 0.0002702565989147429] | train loss 91.957
| epoch  4 | step 3400 | min/b  0.45 | lr [2.6887703485698523e-05, 8.962567828566174e-05, 0.0002688770348569852] | train loss 100.983
| epoch  4 | step 3500 | min/b  0.42 | lr [2.6749747079922743e-05, 8.916582359974249e-05, 0.0002674974707992274] | train loss 99.857
| epoch  4 | step 3600 | min/b  0.42 | lr [2.661179067414697e-05, 8.870596891382324e-05, 0.0002661179067414697] | train loss 96.421
| epoch  4 | step 3700 | min/b  0.43 | lr [2.6473834268371195e-05, 8.824611422790399e-05, 0.0002647383426837119] | train loss 95.001
| epoch  4 | step 3800 | min/b  0.44 | lr [2.6335877862595423e-05, 8.778625954198474e-05, 0.0002633587786259542] | train loss 93.790
-----------------------------------------------------------------------------------------
| epoch   4 | time: 17.06s | dev_result:{'dev_F1': 54.4328951391012, 'dev_F1_ign': 51.99138918927203, 'dev_re_p': 51.26322608507882, 'dev_re_r': 58.020366598778004, 'dev_average_loss': 0.16659610202908515}
-----------------------------------------------------------------------------------------
| epoch  5 | step 3900 | min/b  0.35 | lr [2.6197921456819647e-05, 8.732640485606549e-05, 0.00026197921456819646] | train loss 80.987
| epoch  5 | step 4000 | min/b  0.43 | lr [2.6059965051043868e-05, 8.686655017014623e-05, 0.0002605996505104387] | train loss 74.697
| epoch  5 | step 4100 | min/b  0.43 | lr [2.5922008645268095e-05, 8.640669548422698e-05, 0.0002592200864526809] | train loss 79.332
| epoch  5 | step 4200 | min/b  0.44 | lr [2.578405223949232e-05, 8.594684079830773e-05, 0.0002578405223949232] | train loss 81.175
| epoch  5 | step 4300 | min/b  0.43 | lr [2.5646095833716547e-05, 8.548698611238848e-05, 0.00025646095833716545] | train loss 86.982
| epoch  5 | step 4400 | min/b  0.43 | lr [2.550813942794077e-05, 8.502713142646925e-05, 0.00025508139427940767] | train loss 86.522
| epoch  5 | step 4500 | min/b  0.42 | lr [2.5370183022165e-05, 8.456727674055e-05, 0.00025370183022164995] | train loss 75.059
-----------------------------------------------------------------------------------------
| epoch   5 | time: 17.02s | dev_result:{'dev_F1': 56.801988400994205, 'dev_F1_ign': 54.66476338393181, 'dev_re_p': 57.78339654445849, 'dev_re_r': 55.85336048879837, 'dev_average_loss': 0.15873109209537506}
-----------------------------------------------------------------------------------------
| epoch   5 | best_f1:0.5680198840099421
| epoch  6 | step 4600 | min/b  0.09 | lr [2.523222661638922e-05, 8.410742205463073e-05, 0.00025232226616389217] | train loss 73.261
| epoch  6 | step 4700 | min/b  0.43 | lr [2.5094270210613447e-05, 8.364756736871148e-05, 0.00025094270210613445] | train loss 65.420
| epoch  6 | step 4800 | min/b  0.44 | lr [2.495631380483767e-05, 8.318771268279224e-05, 0.00024956313804837667] | train loss 63.412
| epoch  6 | step 4900 | min/b  0.43 | lr [2.4818357399061896e-05, 8.2727857996873e-05, 0.00024818357399061894] | train loss 63.785
| epoch  6 | step 5000 | min/b  0.42 | lr [2.4680400993286123e-05, 8.226800331095374e-05, 0.0002468040099328612] | train loss 70.273
| epoch  6 | step 5100 | min/b  0.42 | lr [2.4542444587510347e-05, 8.18081486250345e-05, 0.00024542444587510344] | train loss 65.851
| epoch  6 | step 5200 | min/b  0.42 | lr [2.440448818173457e-05, 8.134829393911524e-05, 0.0002440448818173457] | train loss 69.935
| epoch  6 | step 5300 | min/b  0.43 | lr [2.4266531775958796e-05, 8.088843925319599e-05, 0.00024266531775958794] | train loss 68.418
-----------------------------------------------------------------------------------------
| epoch   6 | time: 17.63s | dev_result:{'dev_F1': 57.36155655334616, 'dev_F1_ign': 55.44782277993059, 'dev_re_p': 60.369036903690365, 'dev_re_r': 54.63951120162933, 'dev_average_loss': 0.16771526968479156}
-----------------------------------------------------------------------------------------
| epoch   6 | best_f1:0.5736155655334616
| epoch  7 | step 5400 | min/b  0.25 | lr [2.4128575370183023e-05, 8.042858456727674e-05, 0.0002412857537018302] | train loss 58.644
| epoch  7 | step 5500 | min/b  0.41 | lr [2.3990618964407248e-05, 7.996872988135749e-05, 0.00023990618964407246] | train loss 58.675
| epoch  7 | step 5600 | min/b  0.43 | lr [2.3852662558631475e-05, 7.950887519543824e-05, 0.0002385266255863147] | train loss 52.435
| epoch  7 | step 5700 | min/b  0.44 | lr [2.37147061528557e-05, 7.9049020509519e-05, 0.00023714706152855696] | train loss 53.861
| epoch  7 | step 5800 | min/b  0.44 | lr [2.3576749747079924e-05, 7.858916582359974e-05, 0.00023576749747079918] | train loss 53.629
| epoch  7 | step 5900 | min/b  0.41 | lr [2.3438793341304148e-05, 7.812931113768049e-05, 0.00023438793341304146] | train loss 58.656
| epoch  7 | step 6000 | min/b  0.42 | lr [2.3300836935528372e-05, 7.766945645176125e-05, 0.0002330083693552837] | train loss 57.261
| epoch  7 | step 6100 | min/b  0.43 | lr [2.31628805297526e-05, 7.7209601765842e-05, 0.00023162880529752595] | train loss 55.165
-----------------------------------------------------------------------------------------
| epoch   7 | time: 17.29s | dev_result:{'dev_F1': 57.785313471398005, 'dev_F1_ign': 55.66024171637426, 'dev_re_p': 57.27432778489116, 'dev_re_r': 58.305498981670056, 'dev_average_loss': 0.18305199685692788}
-----------------------------------------------------------------------------------------
| epoch   7 | best_f1:0.57785313471398
| epoch  8 | step 6200 | min/b  0.39 | lr [2.3024924123976824e-05, 7.674974707992275e-05, 0.00023024924123976823] | train loss 54.877
| epoch  8 | step 6300 | min/b  0.44 | lr [2.288696771820105e-05, 7.62898923940035e-05, 0.00022886967718201048] | train loss 45.092
| epoch  8 | step 6400 | min/b  0.42 | lr [2.2749011312425272e-05, 7.583003770808425e-05, 0.0002274901131242527] | train loss 44.457
| epoch  8 | step 6500 | min/b  0.44 | lr [2.26110549066495e-05, 7.5370183022165e-05, 0.00022611054906649495] | train loss 43.082
| epoch  8 | step 6600 | min/b  0.43 | lr [2.2473098500873724e-05, 7.491032833624575e-05, 0.00022473098500873723] | train loss 44.067
| epoch  8 | step 6700 | min/b  0.42 | lr [2.233514209509795e-05, 7.44504736503265e-05, 0.00022335142095097947] | train loss 48.130
| epoch  8 | step 6800 | min/b  0.43 | lr [2.2197185689322176e-05, 7.399061896440725e-05, 0.00022197185689322172] | train loss 45.152
-----------------------------------------------------------------------------------------
| epoch   8 | time: 18.02s | dev_result:{'dev_F1': 57.60366777191043, 'dev_F1_ign': 55.52204287752566, 'dev_re_p': 57.890406450551254, 'dev_re_r': 57.31975560081466, 'dev_average_loss': 0.1854333468079567}
-----------------------------------------------------------------------------------------
| epoch  9 | step 6900 | min/b  0.14 | lr [2.20592292835464e-05, 7.353076427848801e-05, 0.000220592292835464] | train loss 45.121
| epoch  9 | step 7000 | min/b  0.43 | lr [2.1921272877770624e-05, 7.307090959256875e-05, 0.00021921272877770622] | train loss 41.240
| epoch  9 | step 7100 | min/b  0.44 | lr [2.1783316471994848e-05, 7.26110549066495e-05, 0.00021783316471994847] | train loss 37.732
| epoch  9 | step 7200 | min/b  0.42 | lr [2.1645360066219076e-05, 7.215120022073025e-05, 0.00021645360066219072] | train loss 40.390
| epoch  9 | step 7300 | min/b  0.42 | lr [2.15074036604433e-05, 7.169134553481101e-05, 0.000215074036604433] | train loss 40.024
| epoch  9 | step 7400 | min/b  0.45 | lr [2.1369447254667528e-05, 7.123149084889176e-05, 0.00021369447254667524] | train loss 35.292
| epoch  9 | step 7500 | min/b  0.41 | lr [2.123149084889175e-05, 7.07716361629725e-05, 0.00021231490848891746] | train loss 42.009
| epoch  9 | step 7600 | min/b  0.44 | lr [2.1093534443115976e-05, 7.031178147705325e-05, 0.0002109353444311597] | train loss 40.885
-----------------------------------------------------------------------------------------
| epoch   9 | time: 18.29s | dev_result:{'dev_F1': 58.301713986654455, 'dev_F1_ign': 56.4712343737197, 'dev_re_p': 62.73700018772293, 'dev_re_r': 54.4521384928717, 'dev_average_loss': 0.19262861648201943}
-----------------------------------------------------------------------------------------
| epoch   9 | best_f1:0.5830171398665446
| epoch 10 | step 7700 | min/b  0.31 | lr [2.09555780373402e-05, 6.985192679113401e-05, 0.000209555780373402] | train loss 32.948
| epoch 10 | step 7800 | min/b  0.43 | lr [2.0817621631564428e-05, 6.939207210521476e-05, 0.00020817621631564424] | train loss 30.111
| epoch 10 | step 7900 | min/b  0.44 | lr [2.0679665225788652e-05, 6.893221741929551e-05, 0.00020679665225788649] | train loss 30.129
| epoch 10 | step 8000 | min/b  0.42 | lr [2.0541708820012876e-05, 6.847236273337626e-05, 0.00020541708820012876] | train loss 34.951
| epoch 10 | step 8100 | min/b  0.44 | lr [2.04037524142371e-05, 6.801250804745701e-05, 0.00020403752414237098] | train loss 31.397
| epoch 10 | step 8200 | min/b  0.41 | lr [2.0265796008461325e-05, 6.755265336153776e-05, 0.00020265796008461323] | train loss 36.927
| epoch 10 | step 8300 | min/b  0.41 | lr [2.0127839602685552e-05, 6.709279867561851e-05, 0.00020127839602685548] | train loss 34.365
-----------------------------------------------------------------------------------------
| epoch  10 | time: 17.42s | dev_result:{'dev_F1': 57.79558434916034, 'dev_F1_ign': 55.735043065130355, 'dev_re_p': 60.60606060606061, 'dev_re_r': 55.234215885947044, 'dev_average_loss': 0.21047427535057067}
-----------------------------------------------------------------------------------------
| epoch 11 | step 8400 | min/b  0.03 | lr [1.9989883196909776e-05, 6.663294398969926e-05, 0.00019989883196909776] | train loss 32.484
| epoch 11 | step 8500 | min/b  0.43 | lr [1.9851926791134004e-05, 6.617308930378e-05, 0.00019851926791134] | train loss 27.667
| epoch 11 | step 8600 | min/b  0.43 | lr [1.9713970385358228e-05, 6.571323461786077e-05, 0.00019713970385358225] | train loss 28.810
| epoch 11 | step 8700 | min/b  0.43 | lr [1.9576013979582452e-05, 6.52533799319415e-05, 0.00019576013979582448] | train loss 29.284
| epoch 11 | step 8800 | min/b  0.42 | lr [1.9438057573806677e-05, 6.479352524602226e-05, 0.00019438057573806675] | train loss 26.438
| epoch 11 | step 8900 | min/b  0.43 | lr [1.9300101168030904e-05, 6.4333670560103e-05, 0.000193001011680309] | train loss 27.843
| epoch 11 | step 9000 | min/b  0.43 | lr [1.9162144762255128e-05, 6.387381587418377e-05, 0.00019162144762255125] | train loss 25.199
| epoch 11 | step 9100 | min/b  0.42 | lr [1.9024188356479352e-05, 6.341396118826452e-05, 0.00019024188356479352] | train loss 28.297
-----------------------------------------------------------------------------------------
| epoch  11 | time: 17.00s | dev_result:{'dev_F1': 58.76098957268453, 'dev_F1_ign': 56.557416720262175, 'dev_re_p': 58.99014778325123, 'dev_re_r': 58.53360488798371, 'dev_average_loss': 0.22460839089751244}
-----------------------------------------------------------------------------------------
| epoch  11 | best_f1:0.5876098957268453
| epoch 12 | step 9200 | min/b  0.19 | lr [1.888623195070358e-05, 6.295410650234527e-05, 0.00018886231950703577] | train loss 25.984
| epoch 12 | step 9300 | min/b  0.42 | lr [1.87482755449278e-05, 6.2494251816426e-05, 0.000187482755449278] | train loss 22.542
| epoch 12 | step 9400 | min/b  0.43 | lr [1.861031913915203e-05, 6.203439713050677e-05, 0.00018610319139152024] | train loss 23.116
| epoch 12 | step 9500 | min/b  0.44 | lr [1.8472362733376253e-05, 6.157454244458752e-05, 0.00018472362733376252] | train loss 21.250
| epoch 12 | step 9600 | min/b  0.43 | lr [1.833440632760048e-05, 6.111468775866827e-05, 0.00018334406327600477] | train loss 27.104
| epoch 12 | step 9700 | min/b  0.45 | lr [1.8196449921824704e-05, 6.0654833072749015e-05, 0.00018196449921824702] | train loss 25.908
| epoch 12 | step 9800 | min/b  0.42 | lr [1.8058493516048932e-05, 6.019497838682977e-05, 0.0001805849351604893] | train loss 23.481
| epoch 12 | step 9900 | min/b  0.44 | lr [1.7920537110273153e-05, 5.9735123700910514e-05, 0.00017920537110273151] | train loss 22.307
-----------------------------------------------------------------------------------------
| epoch  12 | time: 18.20s | dev_result:{'dev_F1': 58.15666327568667, 'dev_F1_ign': 55.925723115359474, 'dev_re_p': 58.09756097560975, 'dev_re_r': 58.21588594704684, 'dev_average_loss': 0.22635713669657706}
-----------------------------------------------------------------------------------------
| epoch 13 | step 10000 | min/b  0.35 | lr [1.778258070449738e-05, 5.9275269014991263e-05, 0.00017782580704497376] | train loss 21.699
| epoch 13 | step 10100 | min/b  0.41 | lr [1.7644624298721605e-05, 5.881541432907201e-05, 0.000176446242987216] | train loss 20.609
| epoch 13 | step 10200 | min/b  0.44 | lr [1.750666789294583e-05, 5.835555964315277e-05, 0.0001750666789294583] | train loss 21.332
| epoch 13 | step 10300 | min/b  0.43 | lr [1.7368711487170056e-05, 5.789570495723352e-05, 0.00017368711487170054] | train loss 20.491
| epoch 13 | step 10400 | min/b  0.42 | lr [1.7230755081394277e-05, 5.743585027131426e-05, 0.00017230755081394276] | train loss 18.207
| epoch 13 | step 10500 | min/b  0.42 | lr [1.7092798675618505e-05, 5.697599558539501e-05, 0.000170927986756185] | train loss 18.166
| epoch 13 | step 10600 | min/b  0.43 | lr [1.695484226984273e-05, 5.651614089947577e-05, 0.00016954842269842728] | train loss 20.831
-----------------------------------------------------------------------------------------
| epoch  13 | time: 17.45s | dev_result:{'dev_F1': 58.45079311650607, 'dev_F1_ign': 56.341473647025154, 'dev_re_p': 60.442046641141665, 'dev_re_r': 56.58655804480651, 'dev_average_loss': 0.2445646775960922}
-----------------------------------------------------------------------------------------
| epoch 14 | step 10700 | min/b  0.08 | lr [1.6816885864066957e-05, 5.605628621355652e-05, 0.00016816885864066953] | train loss 18.257
| epoch 14 | step 10800 | min/b  0.44 | lr [1.667892945829118e-05, 5.5596431527637274e-05, 0.00016678929458291178] | train loss 16.263
| epoch 14 | step 10900 | min/b  0.42 | lr [1.6540973052515408e-05, 5.513657684171802e-05, 0.00016540973052515406] | train loss 14.623
| epoch 14 | step 11000 | min/b  0.43 | lr [1.640301664673963e-05, 5.4676722155798766e-05, 0.00016403016646739628] | train loss 17.218
| epoch 14 | step 11100 | min/b  0.43 | lr [1.6265060240963853e-05, 5.4216867469879516e-05, 0.00016265060240963853] | train loss 15.516
| epoch 14 | step 11200 | min/b  0.42 | lr [1.612710383518808e-05, 5.375701278396027e-05, 0.00016127103835188077] | train loss 16.007
| epoch 14 | step 11300 | min/b  0.42 | lr [1.5989147429412305e-05, 5.329715809804102e-05, 0.00015989147429412305] | train loss 17.424
| epoch 14 | step 11400 | min/b  0.44 | lr [1.5851191023636533e-05, 5.283730341212178e-05, 0.0001585119102363653] | train loss 16.215
-----------------------------------------------------------------------------------------
| epoch  14 | time: 17.20s | dev_result:{'dev_F1': 58.51535909697988, 'dev_F1_ign': 56.59565115954619, 'dev_re_p': 62.09765910753475, 'dev_re_r': 55.323828920570264, 'dev_average_loss': 0.24755540642142296}
-----------------------------------------------------------------------------------------
| epoch 15 | step 11500 | min/b  0.24 | lr [1.5713234617860757e-05, 5.237744872620253e-05, 0.00015713234617860755] | train loss 16.688
| epoch 15 | step 11600 | min/b  0.43 | lr [1.557527821208498e-05, 5.191759404028327e-05, 0.0001557527821208498] | train loss 13.989
| epoch 15 | step 11700 | min/b  0.43 | lr [1.5437321806309205e-05, 5.145773935436402e-05, 0.00015437321806309205] | train loss 13.402
| epoch 15 | step 11800 | min/b  0.42 | lr [1.5299365400533433e-05, 5.0997884668444776e-05, 0.0001529936540053343] | train loss 12.181
| epoch 15 | step 11900 | min/b  0.43 | lr [1.5161408994757657e-05, 5.0538029982525526e-05, 0.00015161408994757654] | train loss 12.278
| epoch 15 | step 12000 | min/b  0.44 | lr [1.5023452588981883e-05, 5.0078175296606275e-05, 0.00015023452588981882] | train loss 13.885
| epoch 15 | step 12100 | min/b  0.45 | lr [1.4885496183206107e-05, 4.9618320610687025e-05, 0.00014885496183206104] | train loss 12.645
| epoch 15 | step 12200 | min/b  0.44 | lr [1.4747539777430333e-05, 4.9158465924767774e-05, 0.00014747539777430332] | train loss 14.480
-----------------------------------------------------------------------------------------
| epoch  15 | time: 17.21s | dev_result:{'dev_F1': 59.292371273141306, 'dev_F1_ign': 57.32422971956822, 'dev_re_p': 61.461794019933556, 'dev_re_r': 57.270875763747455, 'dev_average_loss': 0.2596471009552479}
-----------------------------------------------------------------------------------------
| epoch  15 | best_f1:0.5929237127314131
| epoch 16 | step 12300 | min/b  0.39 | lr [1.4609583371654557e-05, 4.8698611238848524e-05, 0.00014609583371654557] | train loss 12.297
| epoch 16 | step 12400 | min/b  0.43 | lr [1.4471626965878783e-05, 4.8238756552929274e-05, 0.00014471626965878781] | train loss 10.872
| epoch 16 | step 12500 | min/b  0.43 | lr [1.4333670560103009e-05, 4.777890186701003e-05, 0.00014333670560103006] | train loss 11.666
| epoch 16 | step 12600 | min/b  0.44 | lr [1.4195714154327231e-05, 4.731904718109077e-05, 0.0001419571415432723] | train loss 11.199
| epoch 16 | step 12700 | min/b  0.44 | lr [1.4057757748551457e-05, 4.685919249517153e-05, 0.00014057757748551456] | train loss 11.370
| epoch 16 | step 12800 | min/b  0.42 | lr [1.3919801342775683e-05, 4.639933780925228e-05, 0.0001391980134277568] | train loss 9.899
| epoch 16 | step 12900 | min/b  0.42 | lr [1.3781844936999907e-05, 4.593948312333303e-05, 0.00013781844936999906] | train loss 11.074
-----------------------------------------------------------------------------------------
| epoch  16 | time: 17.46s | dev_result:{'dev_F1': 59.01828364355131, 'dev_F1_ign': 56.83581749441133, 'dev_re_p': 59.67191273211758, 'dev_re_r': 58.378818737270876, 'dev_average_loss': 0.27450042116642}
-----------------------------------------------------------------------------------------
| epoch 17 | step 13000 | min/b  0.12 | lr [1.3643888531224133e-05, 4.547962843741378e-05, 0.0001364388853122413] | train loss 11.625
| epoch 17 | step 13100 | min/b  0.44 | lr [1.350593212544836e-05, 4.5019773751494534e-05, 0.00013505932125448358] | train loss 9.773
| epoch 17 | step 13200 | min/b  0.44 | lr [1.3367975719672583e-05, 4.455991906557528e-05, 0.00013367975719672583] | train loss 9.196
| epoch 17 | step 13300 | min/b  0.44 | lr [1.323001931389681e-05, 4.410006437965603e-05, 0.00013230019313896808] | train loss 10.131
| epoch 17 | step 13400 | min/b  0.44 | lr [1.3092062908121035e-05, 4.364020969373678e-05, 0.00013092062908121033] | train loss 9.564
| epoch 17 | step 13500 | min/b  0.44 | lr [1.295410650234526e-05, 4.318035500781753e-05, 0.00012954106502345258] | train loss 9.353
| epoch 17 | step 13600 | min/b  0.41 | lr [1.2816150096569485e-05, 4.272050032189828e-05, 0.00012816150096569483] | train loss 10.392
| epoch 17 | step 13700 | min/b  0.43 | lr [1.267819369079371e-05, 4.226064563597903e-05, 0.00012678193690793707] | train loss 8.152
-----------------------------------------------------------------------------------------
| epoch  17 | time: 17.09s | dev_result:{'dev_F1': 59.46459555482112, 'dev_F1_ign': 57.32371340574689, 'dev_re_p': 60.32185064118683, 'dev_re_r': 58.63136456211813, 'dev_average_loss': 0.2863329446613789}
-----------------------------------------------------------------------------------------
| epoch  17 | best_f1:0.5946459555482112
| epoch 18 | step 13800 | min/b  0.29 | lr [1.2540237285017934e-05, 4.180079095005978e-05, 0.00012540237285017932] | train loss 9.028
| epoch 18 | step 13900 | min/b  0.42 | lr [1.240228087924216e-05, 4.134093626414053e-05, 0.00012402280879242157] | train loss 7.132
| epoch 18 | step 14000 | min/b  0.42 | lr [1.2264324473466385e-05, 4.088108157822129e-05, 0.00012264324473466385] | train loss 7.081
| epoch 18 | step 14100 | min/b  0.43 | lr [1.212636806769061e-05, 4.042122689230203e-05, 0.00012126368067690608] | train loss 7.883
| epoch 18 | step 14200 | min/b  0.44 | lr [1.1988411661914836e-05, 3.9961372206382786e-05, 0.00011988411661914834] | train loss 8.139
| epoch 18 | step 14300 | min/b  0.46 | lr [1.1850455256139061e-05, 3.9501517520463536e-05, 0.0001185045525613906] | train loss 7.723
| epoch 18 | step 14400 | min/b  0.43 | lr [1.1712498850363286e-05, 3.9041662834544285e-05, 0.00011712498850363284] | train loss 8.155
-----------------------------------------------------------------------------------------
| epoch  18 | time: 17.05s | dev_result:{'dev_F1': 59.08520779329375, 'dev_F1_ign': 56.97039365894805, 'dev_re_p': 60.68882590397664, 'dev_re_r': 57.56415478615071, 'dev_average_loss': 0.2913298304975033}
-----------------------------------------------------------------------------------------
| epoch 19 | step 14500 | min/b  0.01 | lr [1.1574542444587511e-05, 3.8581808148625035e-05, 0.00011574542444587509] | train loss 8.311
| epoch 19 | step 14600 | min/b  0.40 | lr [1.1436586038811737e-05, 3.812195346270579e-05, 0.00011436586038811735] | train loss 6.479
| epoch 19 | step 14700 | min/b  0.42 | lr [1.129862963303596e-05, 3.7662098776786534e-05, 0.00011298629633035959] | train loss 7.932
| epoch 19 | step 14800 | min/b  0.42 | lr [1.1160673227260186e-05, 3.720224409086729e-05, 0.00011160673227260185] | train loss 6.890
| epoch 19 | step 14900 | min/b  0.45 | lr [1.102271682148441e-05, 3.674238940494803e-05, 0.00011022716821484409] | train loss 7.630
| epoch 19 | step 15000 | min/b  0.42 | lr [1.0884760415708636e-05, 3.628253471902879e-05, 0.00010884760415708635] | train loss 6.514
| epoch 19 | step 15100 | min/b  0.43 | lr [1.0746804009932862e-05, 3.582268003310954e-05, 0.00010746804009932861] | train loss 6.749
| epoch 19 | step 15200 | min/b  0.43 | lr [1.0608847604157086e-05, 3.536282534719029e-05, 0.00010608847604157085] | train loss 5.524
-----------------------------------------------------------------------------------------
| epoch  19 | time: 17.01s | dev_result:{'dev_F1': 59.34141223825633, 'dev_F1_ign': 57.40027216742158, 'dev_re_p': 62.54739122585305, 'dev_re_r': 56.44806517311609, 'dev_average_loss': 0.29478882321715355}
-----------------------------------------------------------------------------------------
| epoch 20 | step 15300 | min/b  0.18 | lr [1.0470891198381312e-05, 3.490297066127104e-05, 0.00010470891198381311] | train loss 5.873
| epoch 20 | step 15400 | min/b  0.44 | lr [1.0332934792605538e-05, 3.4443115975351795e-05, 0.00010332934792605536] | train loss 5.429
| epoch 20 | step 15500 | min/b  0.42 | lr [1.0194978386829762e-05, 3.398326128943254e-05, 0.0001019497838682976] | train loss 5.481
| epoch 20 | step 15600 | min/b  0.44 | lr [1.0057021981053988e-05, 3.3523406603513294e-05, 0.00010057021981053985] | train loss 4.815
| epoch 20 | step 15700 | min/b  0.43 | lr [9.919065575278212e-06, 3.306355191759404e-05, 9.919065575278212e-05] | train loss 5.735
| epoch 20 | step 15800 | min/b  0.42 | lr [9.781109169502436e-06, 3.260369723167479e-05, 9.781109169502435e-05] | train loss 5.075
| epoch 20 | step 15900 | min/b  0.43 | lr [9.643152763726662e-06, 3.214384254575554e-05, 9.643152763726661e-05] | train loss 5.304
| epoch 20 | step 16000 | min/b  0.44 | lr [9.505196357950888e-06, 3.168398785983629e-05, 9.505196357950888e-05] | train loss 5.168
-----------------------------------------------------------------------------------------
| epoch  20 | time: 17.00s | dev_result:{'dev_F1': 59.43048576214406, 'dev_F1_ign': 57.36799354137033, 'dev_re_p': 61.14605773373546, 'dev_re_r': 57.808553971486766, 'dev_average_loss': 0.309430998980999}
-----------------------------------------------------------------------------------------
| epoch 21 | step 16100 | min/b  0.32 | lr [9.367239952175112e-06, 3.122413317391704e-05, 9.367239952175111e-05] | train loss 4.887
| epoch 21 | step 16200 | min/b  0.42 | lr [9.229283546399338e-06, 3.076427848799779e-05, 9.229283546399337e-05] | train loss 4.924
| epoch 21 | step 16300 | min/b  0.43 | lr [9.091327140623564e-06, 3.0304423802078548e-05, 9.091327140623562e-05] | train loss 4.405
| epoch 21 | step 16400 | min/b  0.44 | lr [8.953370734847788e-06, 2.9844569116159294e-05, 8.953370734847787e-05] | train loss 4.090
| epoch 21 | step 16500 | min/b  0.44 | lr [8.815414329072014e-06, 2.9384714430240047e-05, 8.815414329072012e-05] | train loss 3.812
| epoch 21 | step 16600 | min/b  0.44 | lr [8.67745792329624e-06, 2.89248597443208e-05, 8.677457923296238e-05] | train loss 3.841
| epoch 21 | step 16700 | min/b  0.43 | lr [8.539501517520464e-06, 2.8465005058401546e-05, 8.539501517520462e-05] | train loss 5.010
-----------------------------------------------------------------------------------------
| epoch  21 | time: 16.93s | dev_result:{'dev_F1': 59.52180501767974, 'dev_F1_ign': 57.4931227417585, 'dev_re_p': 61.58000174200854, 'dev_re_r': 57.59674134419552, 'dev_average_loss': 0.31115902930498124}
-----------------------------------------------------------------------------------------
| epoch  21 | best_f1:0.5952180501767974
| epoch 22 | step 16800 | min/b  0.06 | lr [8.401545111744688e-06, 2.80051503724823e-05, 8.401545111744688e-05] | train loss 4.150
| epoch 22 | step 16900 | min/b  0.43 | lr [8.263588705968914e-06, 2.754529568656305e-05, 8.263588705968914e-05] | train loss 3.886
| epoch 22 | step 17000 | min/b  0.42 | lr [8.125632300193138e-06, 2.7085441000643798e-05, 8.125632300193138e-05] | train loss 3.372
| epoch 22 | step 17100 | min/b  0.45 | lr [7.987675894417364e-06, 2.6625586314724548e-05, 7.987675894417364e-05] | train loss 3.893
| epoch 22 | step 17200 | min/b  0.44 | lr [7.84971948864159e-06, 2.61657316288053e-05, 7.849719488641589e-05] | train loss 3.864
| epoch 22 | step 17300 | min/b  0.43 | lr [7.711763082865814e-06, 2.5705876942886047e-05, 7.711763082865814e-05] | train loss 3.428
| epoch 22 | step 17400 | min/b  0.44 | lr [7.57380667709004e-06, 2.52460222569668e-05, 7.573806677090039e-05] | train loss 4.619
| epoch 22 | step 17500 | min/b  0.43 | lr [7.435850271314264e-06, 2.478616757104755e-05, 7.435850271314263e-05] | train loss 4.105
-----------------------------------------------------------------------------------------
| epoch  22 | time: 17.11s | dev_result:{'dev_F1': 59.79782599500909, 'dev_F1_ign': 57.77579301948471, 'dev_re_p': 62.183321604503874, 'dev_re_r': 57.58859470468431, 'dev_average_loss': 0.3238622117936611}
-----------------------------------------------------------------------------------------
| epoch  22 | best_f1:0.5979782599500909
| epoch 23 | step 17600 | min/b  0.21 | lr [7.2978938655384895e-06, 2.43263128851283e-05, 7.297893865538488e-05] | train loss 3.281
| epoch 23 | step 17700 | min/b  0.44 | lr [7.159937459762715e-06, 2.3866458199209052e-05, 7.159937459762715e-05] | train loss 3.146
| epoch 23 | step 17800 | min/b  0.43 | lr [7.02198105398694e-06, 2.34066035132898e-05, 7.02198105398694e-05] | train loss 2.828
| epoch 23 | step 17900 | min/b  0.41 | lr [6.8840246482111654e-06, 2.294674882737055e-05, 6.884024648211164e-05] | train loss 4.243
| epoch 23 | step 18000 | min/b  0.42 | lr [6.7460682424353905e-06, 2.2486894141451304e-05, 6.74606824243539e-05] | train loss 3.026
| epoch 23 | step 18100 | min/b  0.44 | lr [6.6081118366596155e-06, 2.2027039455532053e-05, 6.608111836659615e-05] | train loss 2.882
| epoch 23 | step 18200 | min/b  0.44 | lr [6.4701554308838406e-06, 2.1567184769612803e-05, 6.47015543088384e-05] | train loss 2.564
| epoch 23 | step 18300 | min/b  0.43 | lr [6.3321990251080664e-06, 2.1107330083693556e-05, 6.332199025108065e-05] | train loss 3.132
-----------------------------------------------------------------------------------------
| epoch  23 | time: 17.10s | dev_result:{'dev_F1': 59.879023729960664, 'dev_F1_ign': 57.87222059517296, 'dev_re_p': 62.27344712299841, 'dev_re_r': 57.66191446028513, 'dev_average_loss': 0.32447556692361834}
-----------------------------------------------------------------------------------------
| epoch  23 | best_f1:0.5987902372996067
| epoch 24 | step 18400 | min/b  0.37 | lr [6.1942426193322915e-06, 2.0647475397774306e-05, 6.19424261933229e-05] | train loss 3.005
| epoch 24 | step 18500 | min/b  0.43 | lr [6.0562862135565165e-06, 2.0187620711855055e-05, 6.0562862135565155e-05] | train loss 2.585
| epoch 24 | step 18600 | min/b  0.44 | lr [5.9183298077807416e-06, 1.9727766025935808e-05, 5.918329807780741e-05] | train loss 2.254
| epoch 24 | step 18700 | min/b  0.44 | lr [5.780373402004967e-06, 1.9267911340016558e-05, 5.780373402004966e-05] | train loss 2.216
| epoch 24 | step 18800 | min/b  0.42 | lr [5.642416996229192e-06, 1.8808056654097307e-05, 5.642416996229191e-05] | train loss 2.799
| epoch 24 | step 18900 | min/b  0.44 | lr [5.504460590453417e-06, 1.8348201968178057e-05, 5.504460590453416e-05] | train loss 2.620
| epoch 24 | step 19000 | min/b  0.44 | lr [5.366504184677643e-06, 1.7888347282258806e-05, 5.366504184677642e-05] | train loss 2.630
-----------------------------------------------------------------------------------------
| epoch  24 | time: 17.89s | dev_result:{'dev_F1': 59.845360824742265, 'dev_F1_ign': 57.93202814083509, 'dev_re_p': 63.29850068150841, 'dev_re_r': 56.74949083503055, 'dev_average_loss': 0.3300639891922474}
-----------------------------------------------------------------------------------------
| epoch 25 | step 19100 | min/b  0.11 | lr [5.228547778901867e-06, 1.7428492596339556e-05, 5.228547778901867e-05] | train loss 2.374
| epoch 25 | step 19200 | min/b  0.43 | lr [5.090591373126092e-06, 1.6968637910420306e-05, 5.0905913731260917e-05] | train loss 2.770
| epoch 25 | step 19300 | min/b  0.43 | lr [4.952634967350318e-06, 1.650878322450106e-05, 4.952634967350317e-05] | train loss 2.213
| epoch 25 | step 19400 | min/b  0.44 | lr [4.814678561574543e-06, 1.6048928538581808e-05, 4.814678561574542e-05] | train loss 2.189
| epoch 25 | step 19500 | min/b  0.43 | lr [4.676722155798768e-06, 1.5589073852662558e-05, 4.676722155798767e-05] | train loss 2.327
| epoch 25 | step 19600 | min/b  0.42 | lr [4.538765750022993e-06, 1.512921916674331e-05, 4.5387657500229925e-05] | train loss 2.194
| epoch 25 | step 19700 | min/b  0.43 | lr [4.400809344247218e-06, 1.466936448082406e-05, 4.4008093442472174e-05] | train loss 2.161
| epoch 25 | step 19800 | min/b  0.42 | lr [4.262852938471443e-06, 1.420950979490481e-05, 4.262852938471442e-05] | train loss 1.996
-----------------------------------------------------------------------------------------
| epoch  25 | time: 16.98s | dev_result:{'dev_F1': 59.81009926629262, 'dev_F1_ign': 57.9130699742169, 'dev_re_p': 63.597980725103255, 'dev_re_r': 56.44806517311609, 'dev_average_loss': 0.33233734288811684}
-----------------------------------------------------------------------------------------
| epoch 26 | step 19900 | min/b  0.26 | lr [4.124896532695669e-06, 1.3749655108985563e-05, 4.1248965326956685e-05] | train loss 2.314
| epoch 26 | step 20000 | min/b  0.44 | lr [3.986940126919894e-06, 1.3289800423066312e-05, 3.986940126919893e-05] | train loss 2.182
| epoch 26 | step 20100 | min/b  0.45 | lr [3.848983721144118e-06, 1.2829945737147062e-05, 3.848983721144118e-05] | train loss 1.611
| epoch 26 | step 20200 | min/b  0.42 | lr [3.7110273153683435e-06, 1.2370091051227813e-05, 3.711027315368343e-05] | train loss 1.615
| epoch 26 | step 20300 | min/b  0.43 | lr [3.573070909592569e-06, 1.1910236365308564e-05, 3.5730709095925686e-05] | train loss 1.759
| epoch 26 | step 20400 | min/b  0.43 | lr [3.435114503816794e-06, 1.1450381679389314e-05, 3.4351145038167935e-05] | train loss 2.025
| epoch 26 | step 20500 | min/b  0.42 | lr [3.297158098041019e-06, 1.0990526993470064e-05, 3.297158098041019e-05] | train loss 1.610
| epoch 26 | step 20600 | min/b  0.43 | lr [3.1592016922652445e-06, 1.0530672307550815e-05, 3.159201692265244e-05] | train loss 1.597
-----------------------------------------------------------------------------------------
| epoch  26 | time: 17.44s | dev_result:{'dev_F1': 59.8346257658198, 'dev_F1_ign': 57.90181976205469, 'dev_re_p': 63.10319898789084, 'dev_re_r': 56.88798370672098, 'dev_average_loss': 0.33806738039851186}
-----------------------------------------------------------------------------------------
| epoch 27 | step 20700 | min/b  0.43 | lr [3.0212452864894696e-06, 1.0070817621631564e-05, 3.021245286489469e-05] | train loss 1.482
| epoch 27 | step 20800 | min/b  0.43 | lr [2.8832888807136946e-06, 9.610962935712316e-06, 2.8832888807136943e-05] | train loss 1.680
| epoch 27 | step 20900 | min/b  0.44 | lr [2.7453324749379196e-06, 9.151108249793065e-06, 2.7453324749379192e-05] | train loss 1.243
| epoch 27 | step 21000 | min/b  0.42 | lr [2.6073760691621447e-06, 8.691253563873816e-06, 2.6073760691621444e-05] | train loss 1.363
| epoch 27 | step 21100 | min/b  0.43 | lr [2.46941966338637e-06, 8.231398877954568e-06, 2.46941966338637e-05] | train loss 1.445
| epoch 27 | step 21200 | min/b  0.42 | lr [2.331463257610595e-06, 7.771544192035317e-06, 2.331463257610595e-05] | train loss 1.363
| epoch 27 | step 21300 | min/b  0.42 | lr [2.1935068518348202e-06, 7.311689506116068e-06, 2.19350685183482e-05] | train loss 1.513
-----------------------------------------------------------------------------------------
| epoch  27 | time: 18.71s | dev_result:{'dev_F1': 59.93984835006566, 'dev_F1_ign': 57.95748372309638, 'dev_re_p': 62.43381574302859, 'dev_re_r': 57.63747454175153, 'dev_average_loss': 0.3440062636435032}
-----------------------------------------------------------------------------------------
| epoch  27 | best_f1:0.5993984835006566
| epoch 28 | step 21400 | min/b  0.17 | lr [2.0555504460590457e-06, 6.851834820196819e-06, 2.0555504460590453e-05] | train loss 1.543
| epoch 28 | step 21500 | min/b  0.43 | lr [1.9175940402832703e-06, 6.3919801342775686e-06, 1.91759404028327e-05] | train loss 1.265
| epoch 28 | step 21600 | min/b  0.41 | lr [1.7796376345074956e-06, 5.932125448358319e-06, 1.7796376345074954e-05] | train loss 1.264
| epoch 28 | step 21700 | min/b  0.41 | lr [1.6416812287317208e-06, 5.472270762439069e-06, 1.6416812287317206e-05] | train loss 1.221
| epoch 28 | step 21800 | min/b  0.42 | lr [1.5037248229559459e-06, 5.01241607651982e-06, 1.5037248229559458e-05] | train loss 1.358
| epoch 28 | step 21900 | min/b  0.44 | lr [1.3657684171801711e-06, 4.55256139060057e-06, 1.3657684171801708e-05] | train loss 1.582
| epoch 28 | step 22000 | min/b  0.43 | lr [1.2278120114043962e-06, 4.092706704681321e-06, 1.227812011404396e-05] | train loss 1.199
| epoch 28 | step 22100 | min/b  0.43 | lr [1.0898556056286214e-06, 3.6328520187620715e-06, 1.0898556056286212e-05] | train loss 1.116
-----------------------------------------------------------------------------------------
| epoch  28 | time: 17.24s | dev_result:{'dev_F1': 60.013764624913954, 'dev_F1_ign': 58.10121596779199, 'dev_re_p': 63.57422764968559, 'dev_re_r': 56.830957230142566, 'dev_average_loss': 0.3469662364423275}
-----------------------------------------------------------------------------------------
| epoch  28 | best_f1:0.6001376462491396
| epoch 29 | step 22200 | min/b  0.32 | lr [9.518991998528466e-07, 3.172997332842822e-06, 9.518991998528465e-06] | train loss 1.225
| epoch 29 | step 22300 | min/b  0.43 | lr [8.139427940770716e-07, 2.713142646923572e-06, 8.139427940770715e-06] | train loss 1.056
| epoch 29 | step 22400 | min/b  0.43 | lr [6.759863883012969e-07, 2.2532879610043228e-06, 6.759863883012967e-06] | train loss 1.047
| epoch 29 | step 22500 | min/b  0.44 | lr [5.380299825255219e-07, 1.793433275085073e-06, 5.380299825255218e-06] | train loss 1.043
| epoch 29 | step 22600 | min/b  0.43 | lr [4.000735767497471e-07, 1.3335785891658236e-06, 4.00073576749747e-06] | train loss 1.152
| epoch 29 | step 22700 | min/b  0.43 | lr [2.6211717097397224e-07, 8.737239032465741e-07, 2.621171709739722e-06] | train loss 1.235
| epoch 29 | step 22800 | min/b  0.43 | lr [1.241607651981974e-07, 4.138692173273246e-07, 1.2416076519819736e-06] | train loss 1.040
-----------------------------------------------------------------------------------------
| epoch  29 | time: 17.22s | dev_result:{'dev_F1': 59.82795698924732, 'dev_F1_ign': 57.92396449097686, 'dev_re_p': 63.371298405466966, 'dev_re_r': 56.65987780040733, 'dev_average_loss': 0.34769039586186407}
-----------------------------------------------------------------------------------------
